2022-08-26 13:15:28 INFO Credit card from db: [Bank Of England], [5555555555555558]
2022-08-26 13:16:11 INFO Credit card from db: [Bank Of England], [5555555555555558]
2022-08-26 13:16:12 INFO Credit card with number : [555555555555559] was removed.
2022-08-26 13:16:12 INFO Credit cards was found successfully.
2022-08-26 13:17:17 INFO Credit card from db: [Bank Of England], [5555555555555558]
2022-08-26 13:17:17 INFO Credit cards was found successfully.
2022-08-26 13:19:09 INFO Credit card from db: [Bank Of England], [5555555555555558]
2022-08-26 13:19:09 INFO Credit cards was found successfully.
2022-08-26 13:19:47 INFO Credit card from db: [Bank Of England], [5555555555555558]
2022-08-26 13:19:47 INFO Credit card : [5555555555555557] was not  found for update
2022-08-26 13:19:47 INFO Credit cards was found successfully.
2022-08-26 13:20:04 INFO Credit card from db: [Bank Of England], [5555555555555558]
2022-08-26 13:20:41 INFO Credit card from db: [Bank Of England], [5555555555555558]
2022-08-26 13:21:28 INFO Credit card from db: [Bank Of England], [5555555555555558]
2022-08-26 13:22:14 INFO Credit card from db: [Bank Of England], [5555555555555558]
2022-08-26 13:22:14 INFO Credit card : [5555555555555558] was not  found for update
2022-08-26 13:22:14 INFO Credit cards was found successfully.
2022-08-26 13:25:23 INFO Credit cards was found successfully.
2022-08-26 13:26:30 INFO Credit card : [5555555555555561] was not  found for update
2022-08-26 13:26:30 INFO Credit cards was found successfully.
2022-08-26 13:30:59 INFO Credit cards was found successfully.
2022-08-26 13:31:29 INFO Credit card : [5555555555555557] was not  found for update
2022-08-26 13:31:29 INFO Credit cards was found successfully.
2022-08-26 13:32:40 INFO Credit card : [5555555555555555] was not  found for update
2022-08-26 13:32:41 INFO Credit cards was found successfully.
2022-08-26 13:33:50 INFO Credit card with number : [5555555555555556] was updated.
2022-08-26 13:33:50 INFO Credit cards was found successfully.
2022-08-26 13:34:43 INFO Credit card with number : [5555555555555551] was updated.
2022-08-26 13:34:43 INFO Credit cards was found successfully.
2022-08-26 13:35:20 INFO Credit card with number : [555555555555550] was not removed.
2022-08-26 13:35:20 INFO Credit cards was found successfully.
2022-08-26 13:35:38 INFO Credit cards was found successfully.
2022-08-26 13:36:03 INFO Credit card with number : [555555555555550] was not removed.
2022-08-26 13:36:03 INFO Credit cards was found successfully.
2022-08-26 13:37:16 INFO Credit card with number : [5555555555555550] was removed.
2022-08-26 13:37:16 INFO Credit cards was found successfully.
2022-08-26 15:33:01 INFO Credit card : 4555555555555551, Bank Of England was inserted successfully
2022-08-26 15:33:01 INFO Credit card : 4555555555555561, Bank Of Canada was inserted successfully
2022-08-26 15:33:01 INFO Credit card : 4555555555555550, Bank Of Jamaica was inserted successfully
2022-08-26 15:33:01 INFO Credit cards was found successfully.
2022-08-27 21:42:50 INFO Users was found successfully.
2022-08-28 00:16:22 INFO Loaded address from db: [Address{id=1, country='USA', city='Seattle', street='Washington', buildingNumber='1111', roomNumber='1'}]
2022-08-28 00:16:22 INFO Credit card from db: [Bank of America], [5555-5555-5555-5555]
2022-08-28 00:16:22 INFO Loaded address from db: [Address{id=2, country='USA', city='Seattle', street='5th', buildingNumber='25', roomNumber='5'}]
2022-08-28 00:16:22 INFO Credit card from db: [Bank of America], [5555-5555-5555-5556]
2022-08-28 00:16:22 INFO Loaded address from db: [Address{id=3, country='USA', city='Washington', street='1st', buildingNumber='84', roomNumber='25'}]
2022-08-28 00:16:22 INFO Credit card from db: [1st credit bank], [5555-5555-5555-5557]
2022-08-28 00:16:22 INFO Loaded address from db: [Address{id=4, country='Canada', city='Torronto', street='Queen Elizabeth', buildingNumber='1', roomNumber='1'}]
2022-08-28 00:16:22 INFO Credit card from db: [Washington Capital], [5555-5555-5555-5558]
2022-08-28 00:16:22 INFO Loaded address from db: [Address{id=5, country='USA', city='New Jersey', street='Bank', buildingNumber='11/45', roomNumber='3'}]
2022-08-28 00:16:22 INFO Credit card from db: [Big Apple Investment], [5555-5555-5555-5559]
2022-08-28 00:16:22 INFO Users was found successfully.
2022-08-28 00:53:31 INFO Loaded address from db: [Address{id=1, country='USA', city='Seattle', street='Washington', buildingNumber='1111', roomNumber='1'}]
2022-08-28 00:53:31 INFO Credit card from db: [Bank of America], [5555-5555-5555-5555]
2022-08-28 00:53:31 INFO Loaded address from db: [Address{id=2, country='USA', city='Seattle', street='5th', buildingNumber='25', roomNumber='5'}]
2022-08-28 00:53:31 INFO Credit card from db: [Bank of America], [5555-5555-5555-5556]
2022-08-28 00:53:31 INFO Loaded address from db: [Address{id=3, country='USA', city='Washington', street='1st', buildingNumber='84', roomNumber='25'}]
2022-08-28 00:53:31 INFO Credit card from db: [1st credit bank], [5555-5555-5555-5557]
2022-08-28 00:53:31 INFO Loaded address from db: [Address{id=4, country='Canada', city='Torronto', street='Queen Elizabeth', buildingNumber='1', roomNumber='1'}]
2022-08-28 00:53:31 INFO Credit card from db: [Washington Capital], [5555-5555-5555-5558]
2022-08-28 00:53:31 INFO Loaded address from db: [Address{id=5, country='USA', city='New Jersey', street='Bank', buildingNumber='11/45', roomNumber='3'}]
2022-08-28 00:53:31 INFO Credit card from db: [Big Apple Investment], [5555-5555-5555-5559]
2022-08-28 00:53:31 INFO Users was found successfully.
2022-08-28 01:23:57 INFO Loaded address from db: [Address{id=1, country='USA', city='Seattle', street='Washington', buildingNumber='1111', roomNumber='1'}]
2022-08-28 01:23:57 INFO Credit card from db: [Bank of America], [5555-5555-5555-5555]
2022-08-28 01:23:57 INFO Loaded address from db: [Address{id=2, country='USA', city='Seattle', street='5th', buildingNumber='25', roomNumber='5'}]
2022-08-28 01:23:57 INFO Credit card from db: [Bank of America], [5555-5555-5555-5556]
2022-08-28 01:23:57 INFO Loaded address from db: [Address{id=3, country='USA', city='Washington', street='1st', buildingNumber='84', roomNumber='25'}]
2022-08-28 01:23:57 INFO Credit card from db: [1st credit bank], [5555-5555-5555-5557]
2022-08-28 01:23:57 INFO Loaded address from db: [Address{id=4, country='Canada', city='Torronto', street='Queen Elizabeth', buildingNumber='1', roomNumber='1'}]
2022-08-28 01:23:57 INFO Credit card from db: [Washington Capital], [5555-5555-5555-5558]
2022-08-28 01:23:57 INFO Loaded address from db: [Address{id=5, country='USA', city='New Jersey', street='Bank', buildingNumber='11/45', roomNumber='3'}]
2022-08-28 01:23:57 INFO Credit card from db: [Big Apple Investment], [5555-5555-5555-5559]
2022-08-28 01:23:57 INFO Users was found successfully.
2022-08-28 01:23:57 INFO User with ID : [1] was removed.
2022-08-28 01:24:23 INFO Loaded address from db: [Address{id=1, country='USA', city='Seattle', street='Washington', buildingNumber='1111', roomNumber='1'}]
2022-08-28 01:24:23 INFO Credit card from db: [Bank of America], [5555-5555-5555-5555]
2022-08-28 01:24:23 INFO Loaded address from db: [Address{id=2, country='USA', city='Seattle', street='5th', buildingNumber='25', roomNumber='5'}]
2022-08-28 01:24:23 INFO Credit card from db: [Bank of America], [5555-5555-5555-5556]
2022-08-28 01:24:23 INFO Loaded address from db: [Address{id=3, country='USA', city='Washington', street='1st', buildingNumber='84', roomNumber='25'}]
2022-08-28 01:24:23 INFO Credit card from db: [1st credit bank], [5555-5555-5555-5557]
2022-08-28 01:24:23 INFO Loaded address from db: [Address{id=4, country='Canada', city='Torronto', street='Queen Elizabeth', buildingNumber='1', roomNumber='1'}]
2022-08-28 01:24:23 INFO Credit card from db: [Washington Capital], [5555-5555-5555-5558]
2022-08-28 01:24:23 INFO Loaded address from db: [Address{id=5, country='USA', city='New Jersey', street='Bank', buildingNumber='11/45', roomNumber='3'}]
2022-08-28 01:24:23 INFO Credit card from db: [Big Apple Investment], [5555-5555-5555-5559]
2022-08-28 01:24:23 INFO Users was found successfully.
2022-08-28 01:24:23 INFO User with ID : [1] was removed.
2022-08-28 01:27:52 INFO Loaded address from db: [Address{id=1, country='USA', city='Seattle', street='Washington', buildingNumber='1111', roomNumber='1'}]
2022-08-28 01:27:52 INFO Credit card from db: [Bank of America], [5555-5555-5555-5555]
2022-08-28 01:27:52 INFO Loaded address from db: [Address{id=2, country='USA', city='Seattle', street='5th', buildingNumber='25', roomNumber='5'}]
2022-08-28 01:27:52 INFO Credit card from db: [Bank of America], [5555-5555-5555-5556]
2022-08-28 01:27:53 INFO Loaded address from db: [Address{id=3, country='USA', city='Washington', street='1st', buildingNumber='84', roomNumber='25'}]
2022-08-28 01:27:53 INFO Credit card from db: [1st credit bank], [5555-5555-5555-5557]
2022-08-28 01:27:53 INFO Loaded address from db: [Address{id=4, country='Canada', city='Torronto', street='Queen Elizabeth', buildingNumber='1', roomNumber='1'}]
2022-08-28 01:27:53 INFO Credit card from db: [Washington Capital], [5555-5555-5555-5558]
2022-08-28 01:27:53 INFO Loaded address from db: [Address{id=5, country='USA', city='New Jersey', street='Bank', buildingNumber='11/45', roomNumber='3'}]
2022-08-28 01:27:53 INFO Credit card from db: [Big Apple Investment], [5555-5555-5555-5559]
2022-08-28 01:27:53 INFO Users was found successfully.
2022-08-28 01:27:53 INFO User with ID : [2] was removed.
2022-08-28 01:28:00 INFO Loaded address from db: [Address{id=1, country='USA', city='Seattle', street='Washington', buildingNumber='1111', roomNumber='1'}]
2022-08-28 01:28:00 INFO Credit card from db: [Bank of America], [5555-5555-5555-5555]
2022-08-28 01:28:00 INFO Loaded address from db: [Address{id=2, country='USA', city='Seattle', street='5th', buildingNumber='25', roomNumber='5'}]
2022-08-28 01:28:00 INFO Credit card from db: [Bank of America], [5555-5555-5555-5556]
2022-08-28 01:28:00 INFO Loaded address from db: [Address{id=3, country='USA', city='Washington', street='1st', buildingNumber='84', roomNumber='25'}]
2022-08-28 01:28:00 INFO Credit card from db: [1st credit bank], [5555-5555-5555-5557]
2022-08-28 01:28:00 INFO Loaded address from db: [Address{id=4, country='Canada', city='Torronto', street='Queen Elizabeth', buildingNumber='1', roomNumber='1'}]
2022-08-28 01:28:00 INFO Credit card from db: [Washington Capital], [5555-5555-5555-5558]
2022-08-28 01:28:00 INFO Loaded address from db: [Address{id=5, country='USA', city='New Jersey', street='Bank', buildingNumber='11/45', roomNumber='3'}]
2022-08-28 01:28:00 INFO Credit card from db: [Big Apple Investment], [5555-5555-5555-5559]
2022-08-28 01:28:00 INFO Users was found successfully.
2022-08-28 01:28:00 INFO User with ID : [2] was removed.
2022-09-03 15:47:00 INFO Loaded address from db: [Address{id=1, country='USA', city='Seattle', street='Washington', buildingNumber='1111', roomNumber='1'}]
2022-09-03 15:47:00 INFO Credit card from db: [Bank of America], [5555-5555-5555-5555]
2022-09-03 15:47:00 INFO Loaded address from db: [Address{id=2, country='USA', city='Seattle', street='5th', buildingNumber='25', roomNumber='5'}]
2022-09-03 15:47:00 INFO Credit card from db: [Bank of America], [5555-5555-5555-5556]
2022-09-03 15:47:00 INFO Loaded address from db: [Address{id=3, country='USA', city='Washington', street='1st', buildingNumber='84', roomNumber='25'}]
2022-09-03 15:47:00 INFO Credit card from db: [1st credit bank], [5555-5555-5555-5557]
2022-09-03 15:47:00 INFO Loaded address from db: [Address{id=4, country='Canada', city='Torronto', street='Queen Elizabeth', buildingNumber='1', roomNumber='1'}]
2022-09-03 15:47:00 INFO Credit card from db: [Washington Capital], [5555-5555-5555-5558]
2022-09-03 15:47:00 INFO Loaded address from db: [Address{id=5, country='USA', city='New Jersey', street='Bank', buildingNumber='11/45', roomNumber='3'}]
2022-09-03 15:47:00 INFO Credit card from db: [Big Apple Investment], [5555-5555-5555-5559]
2022-09-03 15:47:00 INFO Users was found successfully.
2022-09-03 15:47:00 INFO User with ID : [2] was removed.
2022-09-03 15:47:32 INFO Loaded address from db: [Address{id=1, country='USA', city='Seattle', street='Washington', buildingNumber='1111', roomNumber='1'}]
2022-09-03 15:47:32 INFO Credit card from db: [Bank of America], [5555-5555-5555-5555]
2022-09-03 15:47:32 INFO Loaded address from db: [Address{id=2, country='USA', city='Seattle', street='5th', buildingNumber='25', roomNumber='5'}]
2022-09-03 15:47:32 INFO Credit card from db: [Bank of America], [5555-5555-5555-5556]
2022-09-03 15:47:32 INFO Loaded address from db: [Address{id=3, country='USA', city='Washington', street='1st', buildingNumber='84', roomNumber='25'}]
2022-09-03 15:47:32 INFO Credit card from db: [1st credit bank], [5555-5555-5555-5557]
2022-09-03 15:47:32 INFO Loaded address from db: [Address{id=4, country='Canada', city='Torronto', street='Queen Elizabeth', buildingNumber='1', roomNumber='1'}]
2022-09-03 15:47:32 INFO Credit card from db: [Washington Capital], [5555-5555-5555-5558]
2022-09-03 15:47:32 INFO Loaded address from db: [Address{id=5, country='USA', city='New Jersey', street='Bank', buildingNumber='11/45', roomNumber='3'}]
2022-09-03 15:47:32 INFO Credit card from db: [Big Apple Investment], [5555-5555-5555-5559]
2022-09-03 15:47:32 INFO Users was found successfully.
2022-09-03 15:47:32 INFO User with ID : [2] was removed.
2022-09-03 16:01:05 INFO Loaded address from db: [Address{id=1, country='USA', city='Seattle', street='Washington', buildingNumber='1111', roomNumber='1'}]
2022-09-03 16:01:05 INFO Credit card from db: [Bank of America], [5555-5555-5555-5555]
2022-09-03 16:01:05 INFO Loaded address from db: [Address{id=2, country='USA', city='Seattle', street='5th', buildingNumber='25', roomNumber='5'}]
2022-09-03 16:01:05 INFO Credit card from db: [Bank of America], [5555-5555-5555-5556]
2022-09-03 16:01:05 INFO Loaded address from db: [Address{id=3, country='USA', city='Washington', street='1st', buildingNumber='84', roomNumber='25'}]
2022-09-03 16:01:05 INFO Credit card from db: [1st credit bank], [5555-5555-5555-5557]
2022-09-03 16:01:05 INFO Loaded address from db: [Address{id=4, country='Canada', city='Torronto', street='Queen Elizabeth', buildingNumber='1', roomNumber='1'}]
2022-09-03 16:01:05 INFO Credit card from db: [Washington Capital], [5555-5555-5555-5558]
2022-09-03 16:01:05 INFO Loaded address from db: [Address{id=5, country='USA', city='New Jersey', street='Bank', buildingNumber='11/45', roomNumber='3'}]
2022-09-03 16:01:05 INFO Credit card from db: [Big Apple Investment], [5555-5555-5555-5559]
2022-09-03 16:01:05 INFO Users was found successfully.
2022-09-03 16:01:05 INFO Address for UserID : [2] was removed.
2022-09-03 16:01:05 INFO Credit card for UserID : [2] was removed.
2022-09-03 16:01:05 INFO User with ID : [2] was removed.
2022-09-03 16:01:41 INFO Loaded address from db: [Address{id=1, country='USA', city='Seattle', street='Washington', buildingNumber='1111', roomNumber='1'}]
2022-09-03 16:01:41 INFO Credit card from db: [Bank of America], [5555-5555-5555-5555]
2022-09-03 16:01:41 INFO Loaded address from db: [Address{id=1, country='USA', city='Seattle', street='Washington', buildingNumber='1111', roomNumber='1'}]
2022-09-03 16:01:41 INFO Credit card from db: [Bank of America], [5555-5555-5555-5555]
2022-09-03 16:01:41 INFO Loaded address from db: [Address{id=3, country='USA', city='Washington', street='1st', buildingNumber='84', roomNumber='25'}]
2022-09-03 16:01:41 INFO Credit card from db: [1st credit bank], [5555-5555-5555-5557]
2022-09-03 16:01:41 INFO Loaded address from db: [Address{id=4, country='Canada', city='Torronto', street='Queen Elizabeth', buildingNumber='1', roomNumber='1'}]
2022-09-03 16:01:41 INFO Credit card from db: [Washington Capital], [5555-5555-5555-5558]
2022-09-03 16:01:41 INFO Loaded address from db: [Address{id=5, country='USA', city='New Jersey', street='Bank', buildingNumber='11/45', roomNumber='3'}]
2022-09-03 16:01:41 INFO Credit card from db: [Big Apple Investment], [5555-5555-5555-5559]
2022-09-03 16:01:41 INFO Users was found successfully.
2022-09-03 16:14:54 INFO c0e9f02b942ff3eb63a30e09f07c7779baa4e9c27c9376f2d0f9d6ba7f110821
2022-09-03 16:14:56 INFO User with ID : [2] was updated.
2022-09-03 16:14:56 INFO Loaded address from db: [Address{id=1, country='USA', city='Seattle', street='Washington', buildingNumber='1111', roomNumber='1'}]
2022-09-03 16:14:56 INFO Credit card from db: [Bank of America], [5555-5555-5555-5555]
2022-09-03 16:14:56 INFO Loaded address from db: [Address{id=1, country='USA', city='Seattle', street='Washington', buildingNumber='1111', roomNumber='1'}]
2022-09-03 16:14:56 INFO Credit card from db: [Bank of America], [5555-5555-5555-5555]
2022-09-03 16:14:56 INFO Loaded address from db: [Address{id=3, country='USA', city='Washington', street='1st', buildingNumber='84', roomNumber='25'}]
2022-09-03 16:14:56 INFO Credit card from db: [1st credit bank], [5555-5555-5555-5557]
2022-09-03 16:14:56 INFO Loaded address from db: [Address{id=4, country='Canada', city='Torronto', street='Queen Elizabeth', buildingNumber='1', roomNumber='1'}]
2022-09-03 16:14:56 INFO Credit card from db: [Washington Capital], [5555-5555-5555-5558]
2022-09-03 16:14:56 INFO Loaded address from db: [Address{id=5, country='USA', city='New Jersey', street='Bank', buildingNumber='11/45', roomNumber='3'}]
2022-09-03 16:14:56 INFO Credit card from db: [Big Apple Investment], [5555-5555-5555-5559]
2022-09-03 16:14:56 INFO Users was found successfully.
2022-09-03 16:16:13 INFO c0e9f02b942ff3eb63a30e09f07c7779baa4e9c27c9376f2d0f9d6ba7f110821
2022-09-03 16:16:14 INFO User with ID : [2] was updated.
2022-09-03 16:16:14 INFO Loaded address from db: [Address{id=1, country='USA', city='Seattle', street='Washington', buildingNumber='1111', roomNumber='1'}]
2022-09-03 16:16:14 INFO Credit card from db: [Bank of America], [5555-5555-5555-5555]
2022-09-03 16:16:14 INFO Loaded address from db: [Address{id=1, country='USA', city='Seattle', street='Washington', buildingNumber='1111', roomNumber='1'}]
2022-09-03 16:16:14 INFO Credit card from db: [Bank of America], [5555-5555-5555-5555]
2022-09-03 16:16:15 INFO Loaded address from db: [Address{id=3, country='USA', city='Washington', street='1st', buildingNumber='84', roomNumber='25'}]
2022-09-03 16:16:15 INFO Credit card from db: [1st credit bank], [5555-5555-5555-5557]
2022-09-03 16:16:15 INFO Loaded address from db: [Address{id=4, country='Canada', city='Torronto', street='Queen Elizabeth', buildingNumber='1', roomNumber='1'}]
2022-09-03 16:16:15 INFO Credit card from db: [Washington Capital], [5555-5555-5555-5558]
2022-09-03 16:16:15 INFO Loaded address from db: [Address{id=5, country='USA', city='New Jersey', street='Bank', buildingNumber='11/45', roomNumber='3'}]
2022-09-03 16:16:15 INFO Credit card from db: [Big Apple Investment], [5555-5555-5555-5559]
2022-09-03 16:16:15 INFO Users was found successfully.
2022-09-03 16:18:47 INFO c0e9f02b942ff3eb63a30e09f07c7779baa4e9c27c9376f2d0f9d6ba7f110821
2022-09-03 16:18:49 INFO User with ID : [2] was updated.
2022-09-03 16:18:49 INFO Loaded address from db: [Address{id=1, country='USA', city='Seattle', street='Washington', buildingNumber='1111', roomNumber='1'}]
2022-09-03 16:18:49 INFO Credit card from db: [Bank of America], [5555-5555-5555-5555]
2022-09-03 16:18:49 INFO Loaded address from db: [Address{id=1, country='USA', city='Seattle', street='Washington', buildingNumber='1111', roomNumber='1'}]
2022-09-03 16:18:49 INFO Credit card from db: [Bank of America], [5555-5555-5555-5555]
2022-09-03 16:18:49 INFO Loaded address from db: [Address{id=3, country='USA', city='Washington', street='1st', buildingNumber='84', roomNumber='25'}]
2022-09-03 16:18:49 INFO Credit card from db: [1st credit bank], [5555-5555-5555-5557]
2022-09-03 16:18:49 INFO Loaded address from db: [Address{id=4, country='Canada', city='Torronto', street='Queen Elizabeth', buildingNumber='1', roomNumber='1'}]
2022-09-03 16:18:49 INFO Credit card from db: [Washington Capital], [5555-5555-5555-5558]
2022-09-03 16:18:49 INFO Loaded address from db: [Address{id=5, country='USA', city='New Jersey', street='Bank', buildingNumber='11/45', roomNumber='3'}]
2022-09-03 16:18:49 INFO Credit card from db: [Big Apple Investment], [5555-5555-5555-5559]
2022-09-03 16:18:49 INFO Users was found successfully.
2022-09-03 16:25:52 INFO c0e9f02b942ff3eb63a30e09f07c7779baa4e9c27c9376f2d0f9d6ba7f110821
2022-09-03 16:25:54 INFO User with ID : [2] was updated.
2022-09-03 16:25:54 INFO Loaded address from db: [Address{id=1, country='USA', city='Seattle', street='Washington', buildingNumber='1111', roomNumber='1'}]
2022-09-03 16:25:54 INFO Credit card from db: [Bank of America], [5555-5555-5555-5555]
2022-09-03 16:25:54 INFO Loaded address from db: [Address{id=1, country='USA', city='Seattle', street='Washington', buildingNumber='1111', roomNumber='1'}]
2022-09-03 16:25:54 INFO Credit card from db: [Bank of America], [5555-5555-5555-5555]
2022-09-03 16:25:54 INFO Loaded address from db: [Address{id=3, country='USA', city='Washington', street='1st', buildingNumber='84', roomNumber='25'}]
2022-09-03 16:25:54 INFO Credit card from db: [1st credit bank], [5555-5555-5555-5557]
2022-09-03 16:25:54 INFO Loaded address from db: [Address{id=4, country='Canada', city='Torronto', street='Queen Elizabeth', buildingNumber='1', roomNumber='1'}]
2022-09-03 16:25:54 INFO Credit card from db: [Washington Capital], [5555-5555-5555-5558]
2022-09-03 16:25:54 INFO Loaded address from db: [Address{id=5, country='USA', city='New Jersey', street='Bank', buildingNumber='11/45', roomNumber='3'}]
2022-09-03 16:25:54 INFO Credit card from db: [Big Apple Investment], [5555-5555-5555-5559]
2022-09-03 16:25:54 INFO Users was found successfully.
2022-09-03 16:28:56 INFO c0e9f02b942ff3eb63a30e09f07c7779baa4e9c27c9376f2d0f9d6ba7f110821
2022-09-03 16:28:58 INFO User with ID : [2] was updated.
2022-09-03 16:28:58 INFO Loaded address from db: [Address{id=1, country='USA', city='Seattle', street='Washington', buildingNumber='1111', roomNumber='1'}]
2022-09-03 16:28:58 INFO Credit card from db: [Bank of America], [5555-5555-5555-5555]
2022-09-03 16:28:58 INFO Loaded address from db: [Address{id=1, country='USA', city='Seattle', street='Washington', buildingNumber='1111', roomNumber='1'}]
2022-09-03 16:28:58 INFO Credit card from db: [Bank of America], [5555-5555-5555-5555]
2022-09-03 16:28:58 INFO Loaded address from db: [Address{id=3, country='USA', city='Washington', street='1st', buildingNumber='84', roomNumber='25'}]
2022-09-03 16:28:58 INFO Credit card from db: [1st credit bank], [5555-5555-5555-5557]
2022-09-03 16:28:58 INFO Loaded address from db: [Address{id=4, country='Canada', city='Torronto', street='Queen Elizabeth', buildingNumber='1', roomNumber='1'}]
2022-09-03 16:28:58 INFO Credit card from db: [Washington Capital], [5555-5555-5555-5558]
2022-09-03 16:28:58 INFO Loaded address from db: [Address{id=5, country='USA', city='New Jersey', street='Bank', buildingNumber='11/45', roomNumber='3'}]
2022-09-03 16:28:58 INFO Credit card from db: [Big Apple Investment], [5555-5555-5555-5559]
2022-09-03 16:28:58 INFO Users was found successfully.
2022-09-03 16:32:43 INFO c0e9f02b942ff3eb63a30e09f07c7779baa4e9c27c9376f2d0f9d6ba7f110821
2022-09-03 16:32:44 INFO Address : Address{id=0, country='Ukraine', city='Lviv', street='Science st.', buildingNumber='24', roomNumber='16'} was inserted successfully
2022-09-03 16:32:44 INFO Credit card : 5555-5555-5555-0001, PrivatBank was inserted successfully
2022-09-03 16:32:44 INFO User with ID : [2] was updated.
2022-09-03 16:32:44 INFO Loaded address from db: [Address{id=1, country='USA', city='Seattle', street='Washington', buildingNumber='1111', roomNumber='1'}]
2022-09-03 16:32:44 INFO Credit card from db: [Bank of America], [5555-5555-5555-5555]
2022-09-03 16:32:44 INFO Loaded address from db: [Address{id=6, country='Ukraine', city='Lviv', street='Science st.', buildingNumber='24', roomNumber='16'}]
2022-09-03 16:32:44 INFO Credit card from db: [PrivatBank], [5555-5555-5555-0001]
2022-09-03 16:32:44 INFO Loaded address from db: [Address{id=3, country='USA', city='Washington', street='1st', buildingNumber='84', roomNumber='25'}]
2022-09-03 16:32:44 INFO Credit card from db: [1st credit bank], [5555-5555-5555-5557]
2022-09-03 16:32:44 INFO Loaded address from db: [Address{id=4, country='Canada', city='Torronto', street='Queen Elizabeth', buildingNumber='1', roomNumber='1'}]
2022-09-03 16:32:44 INFO Credit card from db: [Washington Capital], [5555-5555-5555-5558]
2022-09-03 16:32:44 INFO Loaded address from db: [Address{id=5, country='USA', city='New Jersey', street='Bank', buildingNumber='11/45', roomNumber='3'}]
2022-09-03 16:32:44 INFO Credit card from db: [Big Apple Investment], [5555-5555-5555-5559]
2022-09-03 16:32:44 INFO Users was found successfully.
2022-09-08 16:33:28 INFO c0e9f02b942ff3eb63a30e09f07c7779baa4e9c27c9376f2d0f9d6ba7f110821
2022-09-08 16:33:29 INFO User with ID : [2] was updated.
2022-09-08 16:33:29 INFO Users was found successfully.
2022-09-08 16:35:55 INFO c0e9f02b942ff3eb63a30e09f07c7779baa4e9c27c9376f2d0f9d6ba7f110821
2022-09-08 16:35:56 INFO User with ID : [1] was removed.
2022-09-08 16:36:39 INFO c0e9f02b942ff3eb63a30e09f07c7779baa4e9c27c9376f2d0f9d6ba7f110821
2022-09-08 16:36:41 INFO User with ID : [1] was not removed.
2022-09-08 16:37:32 INFO c0e9f02b942ff3eb63a30e09f07c7779baa4e9c27c9376f2d0f9d6ba7f110821
2022-09-08 16:37:34 INFO User with ID : [1] was not removed.
2022-09-08 16:37:34 INFO User : User{orders=null, id=0, email='janed22oe@example.com', firstName='Jane', lastName='Doe', phoneNumber='555-000-272', role=UNAUTHORIZED_USER, creditCard=CreditCard{bankName='PrivatBank', cardNumber='5555-5555-5555-0001', balance=10000.0, password=password}, address=Address{id=0, country='Ukraine', city='Lviv', street='Science st.', buildingNumber='24', roomNumber='16'}, password=c0e9f02b942ff3eb63a30e09f07c7779baa4e9c27c9376f2d0f9d6ba7f110821} was inserted successfully
2022-09-08 16:39:17 INFO c0e9f02b942ff3eb63a30e09f07c7779baa4e9c27c9376f2d0f9d6ba7f110821
2022-09-08 16:39:18 INFO User with ID : [1] was not removed.
2022-09-08 16:39:18 INFO User with ID : [7] was updated.
2022-09-08 16:40:41 INFO c0e9f02b942ff3eb63a30e09f07c7779baa4e9c27c9376f2d0f9d6ba7f110821
2022-09-08 16:40:42 INFO User with ID : [1] was not removed.
2022-09-08 16:40:42 INFO User received : [3], [johndoe2@example.com]
2022-09-08 16:41:02 INFO c0e9f02b942ff3eb63a30e09f07c7779baa4e9c27c9376f2d0f9d6ba7f110821
2022-09-08 16:41:03 INFO User with ID : [1] was not removed.
2022-09-08 16:41:04 INFO User received : [7], [janed22oe@example.com]
2022-09-09 04:24:45 INFO c0e9f02b942ff3eb63a30e09f07c7779baa4e9c27c9376f2d0f9d6ba7f110821
2022-09-09 04:24:47 INFO User with ID : [1] was removed.
2022-09-09 04:25:11 INFO c0e9f02b942ff3eb63a30e09f07c7779baa4e9c27c9376f2d0f9d6ba7f110821
2022-09-09 04:25:12 INFO User with ID : [1] was not removed.
2022-09-09 04:25:12 INFO User received : [2], [johndoe1@example.com]
