2022-10-10 17:31:51 INFO Receipt with ID : [100] was updated.
2022-10-10 17:31:51 INFO Receipt with ID : [100] was updated.
2022-10-10 17:31:51 INFO Receipt with ID [100] received from db successfully 
2022-10-10 17:31:51 INFO Receipt with ID : [100] was removed.
2022-10-10 17:31:51 INFO Receipt with ID : [100] was not found to remove.
2022-10-10 17:31:51 INFO Receipt with ID : [100] was not found for update
2022-10-10 17:31:51 INFO Receipt with ID : [100] was not found for update
2022-10-10 17:31:52 INFO Receipt : 1, 2022-10-10T17:31:52.021565300 was saved successfully
2022-10-10 17:31:52 INFO [AddressService] Address saved. (id: 2)
2022-10-10 17:31:52 INFO User with ID : [100] was updated.
2022-10-10 17:31:52 INFO User with ID : [100] was updated.
2022-10-10 17:31:52 INFO User received : [100], [test@examp.com]
2022-10-10 17:31:52 INFO User with ID : [100] was removed.
2022-10-10 17:31:52 INFO User with ID : [100] was not found to remove.
2022-10-10 17:31:52 INFO User with ID : [100] was not found for update
2022-10-10 17:31:52 INFO User with ID : [100] was not found for update
2022-10-10 17:31:52 INFO User : User{id=0, email='test@examp.com', firstName='fTest', lastName='lTest', phoneNumber='000-000-0000', role=CLIENT, password=88960d9c7eaf249bff77c6d6180625fbaf6e9f0ae7c014b6fe2ff7ffa14dc927, receipts=null} was saved successfully
2022-10-10 17:31:52 INFO User received : [100], [test@examp.com]
2022-10-10 17:31:52 INFO Address with ID : [1] was updated.
2022-10-10 17:31:52 INFO Address with ID : [1] was updated.
2022-10-10 17:31:52 INFO Address received from db: [Address{id=100, country='Country', city='City', street='Street', buildingNumber='Building'}]
2022-10-10 17:31:52 INFO Address with ID : [1] was removed.
2022-10-10 17:31:52 INFO Address with ID : [1] was not found to remove.
2022-10-10 17:31:53 INFO Address with ID : [1] was not found for update
2022-10-10 17:31:53 INFO Address with ID : [1] was not found for update
2022-10-10 17:31:53 INFO Address : Address{id=0, country='Country', city='City', street='Street', buildingNumber='Building'} was saved successfully
2022-10-10 17:31:53 INFO [DishService] Dish saved. (title: Pizza)
2022-10-10 17:31:53 INFO [DishService] Dish saved. (title: Pizza)
2022-10-10 17:31:53 INFO [DishDAO] Dish with ID : [100] was updated.
2022-10-10 17:31:53 INFO [DishDAO] Dish with ID : [100] was updated.
2022-10-10 17:31:53 INFO Dish received : [100], [Pizza], [description]
2022-10-10 17:31:53 INFO [DishDAO] Dish with ID : [100] was removed.
2022-10-10 17:31:53 INFO [DishDAO] Dish with ID : [100] was not found to remove.
2022-10-10 17:31:53 INFO [DishDAO] Dish with ID : [100] was not found for update
2022-10-10 17:31:53 INFO [DishDAO] Dish with ID : [100] was not found for update
2022-10-10 17:31:53 INFO [DishDAO] Dish : Dish{id=1, title='Pizza', description='description', category=PIZZA, price=200.0, weight=425, cooking=25, dateCreated=2022-10-10 17:31:53} was saved successfully
2022-10-10 17:31:54 INFO Dish received : [100], [Pizza], [description]
2022-10-10 17:31:54 INFO [UserService] User saved. (email: test@examp.com)
2022-10-10 17:31:54 INFO [UserService] User saved. (email: test@examp.com)
