2022-10-04 11:59:22 INFO [ContextListener] Context initialization started...
2022-10-04 11:59:23 INFO [ContextListener] Connection created. org.apache.tomcat.dbcp.dbcp2.DelegatingDatabaseMetaData@2e84b7a4
2022-10-04 11:59:23 INFO [ContextListener] UserDAO created.
2022-10-04 11:59:23 INFO [ContextListener] ReceiptDAO created.
2022-10-04 11:59:23 INFO [ContextListener] AddressDAO created.
2022-10-04 11:59:23 INFO [ContextListener] DishDAO created.
2022-10-04 11:59:23 INFO [ContextListener] UserService created.
2022-10-04 11:59:23 INFO [ContextListener] ReceiptService created.
2022-10-04 11:59:23 INFO [ContextListener] AddressService created.
2022-10-04 11:59:23 INFO [ContextListener] DishService created.
2022-10-04 11:59:23 INFO [ContextListener] CommandContainer created.
2022-10-04 11:59:23 INFO [ContextListener] Language command created.
2022-10-04 11:59:23 INFO [ContextListener] Error command created.
2022-10-04 11:59:23 INFO [ContextListener] RegistrationFormCommand created.
2022-10-04 11:59:23 INFO [ContextListener] Registration command created.
2022-10-04 11:59:23 INFO [ContextListener] LoginFormCommand created.
2022-10-04 11:59:23 INFO [ContextListener] LoginCommand created.
2022-10-04 11:59:23 INFO [ContextListener] AdminCommand created.
2022-10-04 11:59:23 INFO [ContextListener] DishFormCommand created.
2022-10-04 11:59:23 INFO [ContextListener] CreateDishCommand created.
2022-10-04 11:59:23 INFO [ContextListener] MenuCommand created.
2022-10-04 11:59:23 INFO [ContextListener] LogoutCommand created.
2022-10-04 11:59:23 INFO [ContextListener] Services initialized
2022-10-04 11:59:24 INFO [JspEncodingFilter] Filter started {},  org.apache.catalina.connector.ResponseFacade@69a76a70
2022-10-04 11:59:24 INFO [JspEncodingFilter] Filter started {},  org.apache.catalina.connector.ResponseFacade@69a76a70
2022-10-04 11:59:27 INFO [JspEncodingFilter] Filter started {},  org.apache.catalina.connector.ResponseFacade@69a76a70
2022-10-04 11:59:27 INFO [JspEncodingFilter] Filter started {},  org.apache.catalina.connector.ResponseFacade@69a76a70
2022-10-04 11:59:35 INFO [JspEncodingFilter] Filter started {command=[loginForm]},  org.apache.catalina.connector.ResponseFacade@69a76a70
2022-10-04 11:59:35 INFO [JspEncodingFilter] Filter started {command=[loginForm]},  org.apache.catalina.connector.ResponseFacade@69a76a70
2022-10-04 11:59:35 INFO [AppController-doGet] URL processed
2022-10-04 12:00:03 INFO [JspEncodingFilter] Filter started {command=[login], email=[test11@test.com], password=[sBBuE%0&V9h6]},  org.apache.catalina.connector.ResponseFacade@69a76a70
2022-10-04 12:00:03 INFO [JspEncodingFilter] Filter started {command=[login], email=[test11@test.com], password=[sBBuE%0&V9h6]},  org.apache.catalina.connector.ResponseFacade@69a76a70
2022-10-04 12:00:03 INFO [LoginCommand] User received from db: [!!!com.october.to.finish.app.web.restaurant.model.User@2628d680=>java.lang.NullPointerException:null!!!]
2022-10-04 12:00:38 INFO [JspEncodingFilter] Filter started {command?=[home]},  org.apache.catalina.connector.ResponseFacade@69a76a70
2022-10-04 12:00:38 INFO [JspEncodingFilter] Filter started {command?=[home]},  org.apache.catalina.connector.ResponseFacade@69a76a70
2022-10-04 12:00:38 INFO [AppController-doGet] URL processed
2022-10-04 12:00:39 INFO [JspEncodingFilter] Filter started {command=[loginForm]},  org.apache.catalina.connector.ResponseFacade@69a76a70
2022-10-04 12:00:39 INFO [JspEncodingFilter] Filter started {command=[loginForm]},  org.apache.catalina.connector.ResponseFacade@69a76a70
2022-10-04 12:00:39 INFO [AppController-doGet] URL processed
2022-10-04 12:01:01 INFO [JspEncodingFilter] Filter started {command=[login], email=[test11@test.app], password=[sBBuE%0&V9h6]},  org.apache.catalina.connector.ResponseFacade@69a76a70
2022-10-04 12:01:01 INFO [JspEncodingFilter] Filter started {command=[login], email=[test11@test.app], password=[sBBuE%0&V9h6]},  org.apache.catalina.connector.ResponseFacade@69a76a70
2022-10-04 12:01:01 INFO User received : [4], [test11@test.app]
2022-10-04 12:01:01 INFO [LoginCommand] User received from db: User{id=4, email='test11@test.app', firstName='User', lastName='Customer', phoneNumber='+380111111112', roleId=1, password=d9bbfb3d7aa0fcbd61cb0cfe606f80e444a36a0c0e62a54265255f54145545fb, receipts=[]}
2022-10-04 12:01:01 INFO [PasswordEncrypt] password: [d9bbfb3d7aa0fcbd61cb0cfe606f80e444a36a0c0e62a54265255f54145545fb], user.password: [d9bbfb3d7aa0fcbd61cb0cfe606f80e444a36a0c0e62a54265255f54145545fb]
2022-10-04 12:01:01 INFO [AppController-doPost] URL processed [controller?command=menu], resp encoding: ISO-8859-1
2022-10-04 12:01:01 INFO [JspEncodingFilter] Filter started {command=[menu]},  org.apache.catalina.connector.ResponseFacade@69a76a70
2022-10-04 12:01:01 INFO [JspEncodingFilter] Filter started {command=[menu]},  org.apache.catalina.connector.ResponseFacade@69a76a70
2022-10-04 12:01:01 INFO [DishDAO] Dishes was found successfully. [[Dish{id=1, title='Pizza1', description='Mmmmmm very nice', category=PIZZA, price=20.0, weight=900, cooking=40, dateCreated=2012-06-18T10:34:09}, Dish{id=2, title='Pizza2', description='Mmmmmm very nice', category=PIZZA, price=30.0, weight=1000, cooking=40, dateCreated=2012-06-18T10:34:09}, Dish{id=3, title='Pizza3', description='Mmmmmm very nice', category=PIZZA, price=25.0, weight=400, cooking=40, dateCreated=2012-06-18T10:34:09}, Dish{id=4, title='Pizza4', description='Mmmmmm very nice', category=PIZZA, price=22.0, weight=900, cooking=40, dateCreated=2012-06-18T10:34:09}, Dish{id=5, title='Pizza5', description='Mmmmmm very nice', category=PIZZA, price=20.0, weight=900, cooking=40, dateCreated=2012-06-18T10:34:09}, Dish{id=6, title='Salad1', description='Nice salad', category=SALAD, price=10.0, weight=200, cooking=50, dateCreated=2012-06-18T10:34:09}, Dish{id=7, title='Salad2', description='Nice salad', category=SALAD, price=10.0, weight=200, cooking=50, dateCreated=2012-06-18T10:34:09}, Dish{id=8, title='Salad3', description='Nice salad', category=SALAD, price=10.0, weight=200, cooking=50, dateCreated=2012-06-18T10:34:09}, Dish{id=9, title='Salad4', description='Nice salad', category=SALAD, price=10.0, weight=200, cooking=50, dateCreated=2012-06-18T10:34:09}, Dish{id=10, title='Salad5', description='Nice salad', category=SALAD, price=10.0, weight=200, cooking=50, dateCreated=2012-06-18T10:34:09}]]
2022-10-04 12:01:01 INFO [MenuCommand] Dishes found.
2022-10-04 12:01:01 INFO [AppController-doGet] URL processed
2022-10-04 12:01:11 INFO [JspEncodingFilter] Filter started {command?=[home]},  org.apache.catalina.connector.ResponseFacade@69a76a70
2022-10-04 12:01:11 INFO [JspEncodingFilter] Filter started {command?=[home]},  org.apache.catalina.connector.ResponseFacade@69a76a70
2022-10-04 12:01:11 INFO [AppController-doGet] URL processed
2022-10-04 12:01:18 INFO [JspEncodingFilter] Filter started {command=[menu]},  org.apache.catalina.connector.ResponseFacade@69a76a70
2022-10-04 12:01:18 INFO [JspEncodingFilter] Filter started {command=[menu]},  org.apache.catalina.connector.ResponseFacade@69a76a70
2022-10-04 12:01:18 INFO [DishDAO] Dishes was found successfully. [[Dish{id=1, title='Pizza1', description='Mmmmmm very nice', category=PIZZA, price=20.0, weight=900, cooking=40, dateCreated=2012-06-18T10:34:09}, Dish{id=2, title='Pizza2', description='Mmmmmm very nice', category=PIZZA, price=30.0, weight=1000, cooking=40, dateCreated=2012-06-18T10:34:09}, Dish{id=3, title='Pizza3', description='Mmmmmm very nice', category=PIZZA, price=25.0, weight=400, cooking=40, dateCreated=2012-06-18T10:34:09}, Dish{id=4, title='Pizza4', description='Mmmmmm very nice', category=PIZZA, price=22.0, weight=900, cooking=40, dateCreated=2012-06-18T10:34:09}, Dish{id=5, title='Pizza5', description='Mmmmmm very nice', category=PIZZA, price=20.0, weight=900, cooking=40, dateCreated=2012-06-18T10:34:09}, Dish{id=6, title='Salad1', description='Nice salad', category=SALAD, price=10.0, weight=200, cooking=50, dateCreated=2012-06-18T10:34:09}, Dish{id=7, title='Salad2', description='Nice salad', category=SALAD, price=10.0, weight=200, cooking=50, dateCreated=2012-06-18T10:34:09}, Dish{id=8, title='Salad3', description='Nice salad', category=SALAD, price=10.0, weight=200, cooking=50, dateCreated=2012-06-18T10:34:09}, Dish{id=9, title='Salad4', description='Nice salad', category=SALAD, price=10.0, weight=200, cooking=50, dateCreated=2012-06-18T10:34:09}, Dish{id=10, title='Salad5', description='Nice salad', category=SALAD, price=10.0, weight=200, cooking=50, dateCreated=2012-06-18T10:34:09}]]
2022-10-04 12:01:18 INFO [MenuCommand] Dishes found.
2022-10-04 12:01:18 INFO [AppController-doGet] URL processed
2022-10-04 12:01:25 INFO [JspEncodingFilter] Filter started {command?=[home]},  org.apache.catalina.connector.ResponseFacade@69a76a70
2022-10-04 12:01:25 INFO [JspEncodingFilter] Filter started {command?=[home]},  org.apache.catalina.connector.ResponseFacade@69a76a70
2022-10-04 12:01:25 INFO [AppController-doGet] URL processed
2022-10-04 12:01:44 INFO [JspEncodingFilter] Filter started {command?=[home]},  org.apache.catalina.connector.ResponseFacade@69a76a70
2022-10-04 12:01:44 INFO [JspEncodingFilter] Filter started {command?=[home]},  org.apache.catalina.connector.ResponseFacade@69a76a70
2022-10-04 12:01:44 INFO [AppController-doGet] URL processed
2022-10-04 12:01:50 INFO [JspEncodingFilter] Filter started {command=[logout]},  org.apache.catalina.connector.ResponseFacade@69a76a70
2022-10-04 12:01:50 INFO [JspEncodingFilter] Filter started {command=[logout]},  org.apache.catalina.connector.ResponseFacade@69a76a70
2022-10-04 12:01:50 INFO [AppController-doGet] URL processed
2022-10-04 12:01:54 INFO [JspEncodingFilter] Filter started {command=[setLang], locale=[ua], pageToProcess=[logout]},  org.apache.catalina.connector.ResponseFacade@69a76a70
2022-10-04 12:01:54 INFO [JspEncodingFilter] Filter started {command=[setLang], locale=[ua], pageToProcess=[logout]},  org.apache.catalina.connector.ResponseFacade@69a76a70
2022-10-04 12:01:54 INFO [LanguageCommand] Page to process = logout
2022-10-04 12:01:54 INFO [AppController-doGet] URL processed
2022-10-04 12:01:54 INFO [AppController-doGet] URL processed
2022-10-04 12:01:56 INFO [JspEncodingFilter] Filter started {command=[setLang], locale=[ua], pageToProcess=[logout]},  org.apache.catalina.connector.ResponseFacade@69a76a70
2022-10-04 12:01:56 INFO [JspEncodingFilter] Filter started {command=[setLang], locale=[ua], pageToProcess=[logout]},  org.apache.catalina.connector.ResponseFacade@69a76a70
2022-10-04 12:01:56 INFO [LanguageCommand] Page to process = logout
2022-10-04 12:01:56 INFO [AppController-doGet] URL processed
2022-10-04 12:01:56 INFO [AppController-doGet] URL processed
