2022-10-03 18:57:28 INFO [ContextListener] Context initialization started...
2022-10-03 18:57:29 INFO [ContextListener] Connection created. org.apache.tomcat.dbcp.dbcp2.DelegatingDatabaseMetaData@4627a22f
2022-10-03 18:57:29 INFO [ContextListener] UserDAO created.
2022-10-03 18:57:29 INFO [ContextListener] ReceiptDAO created.
2022-10-03 18:57:29 INFO [ContextListener] AddressDAO created.
2022-10-03 18:57:29 INFO [ContextListener] DishDAO created.
2022-10-03 18:57:29 INFO [ContextListener] UserService created.
2022-10-03 18:57:29 INFO [ContextListener] ReceiptService created.
2022-10-03 18:57:29 INFO [ContextListener] AddressService created.
2022-10-03 18:57:29 INFO [ContextListener] DishService created.
2022-10-03 18:57:29 INFO [ContextListener] CommandContainer created.
2022-10-03 18:57:29 INFO [ContextListener] Language command created.
2022-10-03 18:57:29 INFO [ContextListener] Error command created.
2022-10-03 18:57:29 INFO [ContextListener] RegistrationFormCommand created.
2022-10-03 18:57:29 INFO [ContextListener] Registration command created.
2022-10-03 18:57:29 INFO [ContextListener] LoginFormCommand created.
2022-10-03 18:57:29 INFO [ContextListener] LoginCommand created.
2022-10-03 18:57:29 INFO [ContextListener] AdminCommand created.
2022-10-03 18:57:29 INFO [ContextListener] DishFormCommand created.
2022-10-03 18:57:29 INFO [ContextListener] CreateDishCommand created.
2022-10-03 18:57:29 INFO [ContextListener] MenuCommand created.
2022-10-03 18:57:29 INFO [ContextListener] LogoutCommand created.
2022-10-03 18:57:29 INFO [ContextListener] Services initialized
2022-10-03 18:57:29 INFO [JspEncodingFilter] Filter started {},  org.apache.catalina.connector.ResponseFacade@665fa3e1
2022-10-03 18:57:29 INFO [JspEncodingFilter] Filter started {},  org.apache.catalina.connector.ResponseFacade@665fa3e1
2022-10-03 18:57:31 INFO [JspEncodingFilter] Filter started {},  org.apache.catalina.connector.ResponseFacade@665fa3e1
2022-10-03 18:57:31 INFO [JspEncodingFilter] Filter started {},  org.apache.catalina.connector.ResponseFacade@665fa3e1
2022-10-03 18:57:36 INFO [JspEncodingFilter] Filter started {command=[loginForm]},  org.apache.catalina.connector.ResponseFacade@665fa3e1
2022-10-03 18:57:36 INFO [JspEncodingFilter] Filter started {command=[loginForm]},  org.apache.catalina.connector.ResponseFacade@665fa3e1
2022-10-03 18:57:36 INFO [AppController-doGet] URL processed
2022-10-03 18:57:45 INFO [JspEncodingFilter] Filter started {command=[login], email=[admin@admin.app], password=[sBBuE%0&V9h6]},  org.apache.catalina.connector.ResponseFacade@665fa3e1
2022-10-03 18:57:45 INFO [JspEncodingFilter] Filter started {command=[login], email=[admin@admin.app], password=[sBBuE%0&V9h6]},  org.apache.catalina.connector.ResponseFacade@665fa3e1
2022-10-03 18:57:45 INFO User received : [1], [admin@admin.app]
2022-10-03 18:57:45 INFO [LoginCommand] User received from db: User{id=1, email='admin@admin.app', firstName='Admin', lastName='Admin', phoneNumber='1111', roleId=2, password=d9bbfb3d7aa0fcbd61cb0cfe606f80e444a36a0c0e62a54265255f54145545fb, receipts=[]}
2022-10-03 18:57:45 INFO [PasswordEncrypt] password: [d9bbfb3d7aa0fcbd61cb0cfe606f80e444a36a0c0e62a54265255f54145545fb], user.password: [d9bbfb3d7aa0fcbd61cb0cfe606f80e444a36a0c0e62a54265255f54145545fb]
2022-10-03 18:57:45 INFO [AppController-doPost] URL processed [controller?command=admin], resp encoding: ISO-8859-1
2022-10-03 18:57:45 INFO [JspEncodingFilter] Filter started {command=[admin]},  org.apache.catalina.connector.ResponseFacade@665fa3e1
2022-10-03 18:57:45 INFO [JspEncodingFilter] Filter started {command=[admin]},  org.apache.catalina.connector.ResponseFacade@665fa3e1
2022-10-03 18:57:45 INFO [DishDAO] Dishes was found successfully. [[Dish{id=1, title='Pizza1', description='Mmmmmm very nice', category=PIZZA, price=20.0, weight=900, cooking=40, dateCreated=2012-06-18T10:34:09}, Dish{id=2, title='Pizza2', description='Mmmmmm very nice', category=PIZZA, price=30.0, weight=1000, cooking=40, dateCreated=2012-06-18T10:34:09}, Dish{id=3, title='Pizza3', description='Mmmmmm very nice', category=PIZZA, price=25.0, weight=400, cooking=40, dateCreated=2012-06-18T10:34:09}, Dish{id=4, title='Pizza4', description='Mmmmmm very nice', category=PIZZA, price=22.0, weight=900, cooking=40, dateCreated=2012-06-18T10:34:09}, Dish{id=5, title='Pizza5', description='Mmmmmm very nice', category=PIZZA, price=20.0, weight=900, cooking=40, dateCreated=2012-06-18T10:34:09}, Dish{id=6, title='Salad1', description='Nice salad', category=SALAD, price=10.0, weight=200, cooking=50, dateCreated=2012-06-18T10:34:09}, Dish{id=7, title='Salad2', description='Nice salad', category=SALAD, price=10.0, weight=200, cooking=50, dateCreated=2012-06-18T10:34:09}, Dish{id=8, title='Salad3', description='Nice salad', category=SALAD, price=10.0, weight=200, cooking=50, dateCreated=2012-06-18T10:34:09}, Dish{id=9, title='Salad4', description='Nice salad', category=SALAD, price=10.0, weight=200, cooking=50, dateCreated=2012-06-18T10:34:09}, Dish{id=10, title='Salad5', description='Nice salad', category=SALAD, price=10.0, weight=200, cooking=50, dateCreated=2012-06-18T10:34:09}]]
2022-10-03 18:57:45 INFO [AppController-doGet] URL processed
