2022-10-04 22:35:13 INFO [ContextListener] Context initialization started...
2022-10-04 22:35:14 INFO [ContextListener] Connection created. org.apache.tomcat.dbcp.dbcp2.DelegatingDatabaseMetaData@1ca3f6b4
2022-10-04 22:35:14 INFO [ContextListener] UserDAO created.
2022-10-04 22:35:14 INFO [ContextListener] ReceiptDAO created.
2022-10-04 22:35:14 INFO [ContextListener] AddressDAO created.
2022-10-04 22:35:14 INFO [ContextListener] DishDAO created.
2022-10-04 22:35:14 INFO [ContextListener] UserService created.
2022-10-04 22:35:14 INFO [ContextListener] ReceiptService created.
2022-10-04 22:35:14 INFO [ContextListener] AddressService created.
2022-10-04 22:35:14 INFO [ContextListener] DishService created.
2022-10-04 22:35:14 INFO [ContextListener] CommandContainer created.
2022-10-04 22:35:14 INFO [ContextListener] Language command created.
2022-10-04 22:35:14 INFO [ContextListener] Error command created.
2022-10-04 22:35:14 INFO [ContextListener] RegistrationFormCommand created.
2022-10-04 22:35:14 INFO [ContextListener] Registration command created.
2022-10-04 22:35:14 INFO [ContextListener] LoginFormCommand created.
2022-10-04 22:35:14 INFO [ContextListener] LoginCommand created.
2022-10-04 22:35:14 INFO [ContextListener] AdminCommand created.
2022-10-04 22:35:14 INFO [ContextListener] DishFormCommand created.
2022-10-04 22:35:14 INFO [ContextListener] AllDishesCommand created.
2022-10-04 22:35:14 INFO [ContextListener] CreateDishCommand created.
2022-10-04 22:35:14 INFO [ContextListener] RemoveDishCommand created.
2022-10-04 22:35:14 INFO [ContextListener] MenuCommand created.
2022-10-04 22:35:14 INFO [ContextListener] AllUsersCommand created.
2022-10-04 22:35:14 INFO [ContextListener] LogoutCommand created.
2022-10-04 22:35:14 INFO [ContextListener] Services initialized
2022-10-04 22:35:15 INFO [JspEncodingFilter] Filter started {},  org.apache.catalina.connector.ResponseFacade@69837b0a
2022-10-04 22:35:15 INFO [JspEncodingFilter] Filter started {},  org.apache.catalina.connector.ResponseFacade@69837b0a
2022-10-04 22:35:18 INFO [JspEncodingFilter] Filter started {},  org.apache.catalina.connector.ResponseFacade@69837b0a
2022-10-04 22:35:18 INFO [JspEncodingFilter] Filter started {},  org.apache.catalina.connector.ResponseFacade@69837b0a
2022-10-04 22:35:18 INFO [JspEncodingFilter] Filter started {},  org.apache.catalina.connector.ResponseFacade@69837b0a
2022-10-04 22:35:18 INFO [JspEncodingFilter] Filter started {},  org.apache.catalina.connector.ResponseFacade@4de6f064
2022-10-04 22:35:18 INFO [JspEncodingFilter] Filter started {},  org.apache.catalina.connector.ResponseFacade@69837b0a
2022-10-04 22:35:18 INFO [JspEncodingFilter] Filter started {},  org.apache.catalina.connector.ResponseFacade@4de6f064
2022-10-04 22:36:00 INFO [JspEncodingFilter] Filter started {},  org.apache.catalina.connector.ResponseFacade@4de6f064
2022-10-04 22:36:00 INFO [JspEncodingFilter] Filter started {},  org.apache.catalina.connector.ResponseFacade@4de6f064
2022-10-04 22:36:04 INFO [JspEncodingFilter] Filter started {command=[setLang], locale=[ua], pageToProcess=[]},  org.apache.catalina.connector.ResponseFacade@4de6f064
2022-10-04 22:36:04 INFO [JspEncodingFilter] Filter started {command=[setLang], locale=[ua], pageToProcess=[]},  org.apache.catalina.connector.ResponseFacade@4de6f064
2022-10-04 22:36:04 INFO [LanguageCommand] Page to process = 
2022-10-04 22:36:04 INFO [AppController-doGet] URL processed
2022-10-04 22:36:04 INFO [AppController-doGet] URL processed
