2022-10-04 22:30:32 INFO [ContextListener] Context initialization started...
2022-10-04 22:30:33 INFO [ContextListener] Connection created. org.apache.tomcat.dbcp.dbcp2.DelegatingDatabaseMetaData@444930d8
2022-10-04 22:30:33 INFO [ContextListener] UserDAO created.
2022-10-04 22:30:33 INFO [ContextListener] ReceiptDAO created.
2022-10-04 22:30:33 INFO [ContextListener] AddressDAO created.
2022-10-04 22:30:33 INFO [ContextListener] DishDAO created.
2022-10-04 22:30:33 INFO [ContextListener] UserService created.
2022-10-04 22:30:33 INFO [ContextListener] ReceiptService created.
2022-10-04 22:30:33 INFO [ContextListener] AddressService created.
2022-10-04 22:30:33 INFO [ContextListener] DishService created.
2022-10-04 22:30:33 INFO [ContextListener] CommandContainer created.
2022-10-04 22:30:33 INFO [ContextListener] Language command created.
2022-10-04 22:30:33 INFO [ContextListener] Error command created.
2022-10-04 22:30:33 INFO [ContextListener] RegistrationFormCommand created.
2022-10-04 22:30:33 INFO [ContextListener] Registration command created.
2022-10-04 22:30:33 INFO [ContextListener] LoginFormCommand created.
2022-10-04 22:30:33 INFO [ContextListener] LoginCommand created.
2022-10-04 22:30:33 INFO [ContextListener] AdminCommand created.
2022-10-04 22:30:33 INFO [ContextListener] DishFormCommand created.
2022-10-04 22:30:33 INFO [ContextListener] AllDishesCommand created.
2022-10-04 22:30:33 INFO [ContextListener] CreateDishCommand created.
2022-10-04 22:30:33 INFO [ContextListener] RemoveDishCommand created.
2022-10-04 22:30:33 INFO [ContextListener] MenuCommand created.
2022-10-04 22:30:33 INFO [ContextListener] AllUsersCommand created.
2022-10-04 22:30:33 INFO [ContextListener] LogoutCommand created.
2022-10-04 22:30:33 INFO [ContextListener] Services initialized
