2022-09-26 23:54:47 INFO [ContextListener] Context initialization started...
2022-09-26 23:54:48 INFO [ContextListener] Connection created. org.apache.tomcat.dbcp.dbcp2.DelegatingDatabaseMetaData@2f3efd6c
2022-09-26 23:54:48 INFO [ContextListener] UserDAO created.
2022-09-26 23:54:48 INFO [ContextListener] CreditCardDAO created.
2022-09-26 23:54:48 INFO [ContextListener] ReceiptDAO created.
2022-09-26 23:54:48 INFO [ContextListener] AddressDAO created.
2022-09-26 23:54:48 INFO [ContextListener] DishDAO created.
2022-09-26 23:54:48 INFO [ContextListener] UserService created.
2022-09-26 23:54:48 INFO [ContextListener] CreditCardService created.
2022-09-26 23:54:48 INFO [ContextListener] ReceiptService created.
2022-09-26 23:54:48 INFO [ContextListener] AddressService created.
2022-09-26 23:54:48 INFO [ContextListener] DishService created.
2022-09-26 23:54:48 INFO [ContextListener] CommandContainer created.
2022-09-26 23:54:48 INFO [ContextListener] Language command created.
2022-09-26 23:54:48 INFO [ContextListener] Error command created.
2022-09-26 23:54:48 INFO [ContextListener] RegistrationFormCommand created.
2022-09-26 23:54:48 INFO [ContextListener] Registration command created.
2022-09-26 23:54:48 INFO [ContextListener] LoginFormCommand created.
2022-09-26 23:54:48 INFO [ContextListener] LoginCommand created.
2022-09-26 23:54:48 INFO [ContextListener] MenuCommand created.
2022-09-26 23:54:48 INFO [ContextListener] LogoutCommand created.
2022-09-26 23:54:48 INFO [ContextListener] Services initialized
2022-09-26 23:54:49 INFO [JspEncodingFilter] Filter started {},  org.apache.catalina.connector.ResponseFacade@594dea5e
2022-09-26 23:54:49 INFO [JspEncodingFilter] encoding: UTF-8
2022-09-26 23:54:49 INFO [JspEncodingFilter] Filter started {},  org.apache.catalina.connector.ResponseFacade@594dea5e
2022-09-26 23:54:50 INFO [JspEncodingFilter] Filter started {},  org.apache.catalina.connector.ResponseFacade@594dea5e
2022-09-26 23:54:50 INFO [JspEncodingFilter] encoding: UTF-8
2022-09-26 23:54:50 INFO [JspEncodingFilter] Filter started {},  org.apache.catalina.connector.ResponseFacade@594dea5e
2022-09-26 23:54:54 INFO [JspEncodingFilter] Filter started {command=[registrationForm]},  org.apache.catalina.connector.ResponseFacade@594dea5e
2022-09-26 23:54:54 INFO [JspEncodingFilter] encoding: UTF-8
2022-09-26 23:54:54 INFO [JspEncodingFilter] Filter started {command=[registrationForm]},  org.apache.catalina.connector.ResponseFacade@594dea5e
2022-09-26 23:54:54 INFO [AppController-doGet] URL processed
2022-09-26 23:55:20 INFO [JspEncodingFilter] Filter started {command=[registration], email=[test55@test.com], firstName=[???»?µ??], lastName=[?????????°], phoneNumber=[12313000], password=[Aa11111111]},  org.apache.catalina.connector.ResponseFacade@594dea5e
2022-09-26 23:55:20 INFO [JspEncodingFilter] encoding: UTF-8
2022-09-26 23:55:20 INFO [JspEncodingFilter] Filter started {command=[registration], email=[test55@test.com], firstName=[???»?µ??], lastName=[?????????°], phoneNumber=[12313000], password=[Aa11111111]},  org.apache.catalina.connector.ResponseFacade@594dea5e
2022-09-26 23:55:20 INFO [RegistrationCommand] User from view : User{id=0, email='test55@test.com', firstName='%C3%90%C2%9E%C3%90%C2%BB%C3%90%C2%B5%C3%90%C2%B3', lastName='%C3%90%C2%94%C3%91%C2%83%C3%91%C2%80%C3%90%C2%BA%C3%90%C2%B0', phoneNumber='12313000', roleId=1, creditCard=null, password=95106c0bb3a771afc1af94931e7c9d82105a781f96d52eadf882d089f73f64c3, receipts=null} + fN: ???»?µ??
2022-09-26 23:55:24 INFO [JspEncodingFilter] Filter started {command?=[home]},  org.apache.catalina.connector.ResponseFacade@594dea5e
2022-09-26 23:55:24 INFO [JspEncodingFilter] encoding: UTF-8
2022-09-26 23:55:24 INFO [JspEncodingFilter] Filter started {command?=[home]},  org.apache.catalina.connector.ResponseFacade@594dea5e
2022-09-26 23:55:24 INFO [AppController-doGet] URL processed
2022-09-26 23:57:50 INFO [JspEncodingFilter] Filter started {command=[registrationForm]},  org.apache.catalina.connector.ResponseFacade@594dea5e
2022-09-26 23:57:50 INFO [JspEncodingFilter] encoding: UTF-8
2022-09-26 23:57:50 INFO [JspEncodingFilter] Filter started {command=[registrationForm]},  org.apache.catalina.connector.ResponseFacade@594dea5e
2022-09-26 23:57:50 INFO [AppController-doGet] URL processed
2022-09-26 23:59:47 INFO [JspEncodingFilter] Filter started {command=[registration], email=[test51@test.com], firstName=[???»?µ??], lastName=[???»?µ??], phoneNumber=[11111111], password=[Aa11111111]},  org.apache.catalina.connector.ResponseFacade@594dea5e
2022-09-26 23:59:47 INFO [JspEncodingFilter] encoding: UTF-8
2022-09-26 23:59:47 INFO [JspEncodingFilter] Filter started {command=[registration], email=[test51@test.com], firstName=[???»?µ??], lastName=[???»?µ??], phoneNumber=[11111111], password=[Aa11111111]},  org.apache.catalina.connector.ResponseFacade@594dea5e
2022-09-26 23:59:47 INFO [RegistrationCommand] User from view : User{id=0, email='test51@test.com', firstName='%C3%90%C2%9E%C3%90%C2%BB%C3%90%C2%B5%C3%90%C2%B3', lastName='%C3%90%C2%9E%C3%90%C2%BB%C3%90%C2%B5%C3%90%C2%B3', phoneNumber='11111111', roleId=1, creditCard=null, password=95106c0bb3a771afc1af94931e7c9d82105a781f96d52eadf882d089f73f64c3, receipts=null} + fN: ???»?µ??
2022-09-26 23:59:49 INFO [JspEncodingFilter] Filter started {command?=[home]},  org.apache.catalina.connector.ResponseFacade@594dea5e
2022-09-26 23:59:49 INFO [JspEncodingFilter] encoding: UTF-8
2022-09-26 23:59:49 INFO [JspEncodingFilter] Filter started {command?=[home]},  org.apache.catalina.connector.ResponseFacade@594dea5e
2022-09-26 23:59:49 INFO [AppController-doGet] URL processed
2022-09-27 00:00:28 INFO [JspEncodingFilter] Filter started {command=[registrationForm]},  org.apache.catalina.connector.ResponseFacade@594dea5e
2022-09-27 00:00:28 INFO [JspEncodingFilter] encoding: UTF-8
2022-09-27 00:00:28 INFO [JspEncodingFilter] Filter started {command=[registrationForm]},  org.apache.catalina.connector.ResponseFacade@594dea5e
2022-09-27 00:00:28 INFO [AppController-doGet] URL processed
