2022-09-26 23:38:04 INFO [ContextListener] Context initialization started...
2022-09-26 23:38:05 INFO [ContextListener] Connection created. org.apache.tomcat.dbcp.dbcp2.DelegatingDatabaseMetaData@6f3afa20
2022-09-26 23:38:05 INFO [ContextListener] UserDAO created.
2022-09-26 23:38:05 INFO [ContextListener] CreditCardDAO created.
2022-09-26 23:38:05 INFO [ContextListener] ReceiptDAO created.
2022-09-26 23:38:05 INFO [ContextListener] AddressDAO created.
2022-09-26 23:38:05 INFO [ContextListener] DishDAO created.
2022-09-26 23:38:05 INFO [ContextListener] UserService created.
2022-09-26 23:38:05 INFO [ContextListener] CreditCardService created.
2022-09-26 23:38:05 INFO [ContextListener] ReceiptService created.
2022-09-26 23:38:05 INFO [ContextListener] AddressService created.
2022-09-26 23:38:05 INFO [ContextListener] DishService created.
2022-09-26 23:38:05 INFO [ContextListener] CommandContainer created.
2022-09-26 23:38:05 INFO [ContextListener] Language command created.
2022-09-26 23:38:05 INFO [ContextListener] Error command created.
2022-09-26 23:38:05 INFO [ContextListener] RegistrationFormCommand created.
2022-09-26 23:38:05 INFO [ContextListener] Registration command created.
2022-09-26 23:38:05 INFO [ContextListener] LoginFormCommand created.
2022-09-26 23:38:05 INFO [ContextListener] LoginCommand created.
2022-09-26 23:38:05 INFO [ContextListener] MenuCommand created.
2022-09-26 23:38:05 INFO [ContextListener] LogoutCommand created.
2022-09-26 23:38:05 INFO [ContextListener] Services initialized
2022-09-26 23:38:05 INFO [JspEncodingFilter] Filter started {},  org.apache.catalina.connector.ResponseFacade@51330e4f
2022-09-26 23:38:05 INFO [JspEncodingFilter] encoding: UTF-8
2022-09-26 23:38:05 INFO [JspEncodingFilter] Filter started {},  org.apache.catalina.connector.ResponseFacade@51330e4f
2022-09-26 23:38:07 INFO [JspEncodingFilter] Filter started {},  org.apache.catalina.connector.ResponseFacade@51330e4f
2022-09-26 23:38:07 INFO [JspEncodingFilter] encoding: UTF-8
2022-09-26 23:38:07 INFO [JspEncodingFilter] Filter started {},  org.apache.catalina.connector.ResponseFacade@51330e4f
2022-09-26 23:38:11 INFO [JspEncodingFilter] Filter started {command=[registrationForm]},  org.apache.catalina.connector.ResponseFacade@51330e4f
2022-09-26 23:38:11 INFO [JspEncodingFilter] encoding: UTF-8
2022-09-26 23:38:11 INFO [JspEncodingFilter] Filter started {command=[registrationForm]},  org.apache.catalina.connector.ResponseFacade@51330e4f
2022-09-26 23:38:11 INFO [AppController-doGet] URL processed
2022-09-26 23:38:54 INFO [JspEncodingFilter] Filter started {command=[registration], email=[test1@gmail.com], firstName=[???»?µ??], lastName=[?????????°], phoneNumber=[2131231321], password=[Aa11111111]},  org.apache.catalina.connector.ResponseFacade@51330e4f
2022-09-26 23:38:54 INFO [JspEncodingFilter] encoding: UTF-8
2022-09-26 23:38:54 INFO [JspEncodingFilter] Filter started {command=[registration], email=[test1@gmail.com], firstName=[???»?µ??], lastName=[?????????°], phoneNumber=[2131231321], password=[Aa11111111]},  org.apache.catalina.connector.ResponseFacade@51330e4f
2022-09-26 23:38:54 INFO [RegistrationCommand] User from view : User{id=0, email='test1@gmail.com', firstName='???»?µ??', lastName='?????????°', phoneNumber='2131231321', roleId=1, creditCard=null, password=95106c0bb3a771afc1af94931e7c9d82105a781f96d52eadf882d089f73f64c3, receipts=null} + fN: ???»?µ??
2022-09-26 23:38:54 INFO User : User{id=0, email='test1@gmail.com', firstName='???»?µ??', lastName='?????????°', phoneNumber='2131231321', roleId=1, creditCard=null, password=95106c0bb3a771afc1af94931e7c9d82105a781f96d52eadf882d089f73f64c3, receipts=null} was saved successfully
2022-09-26 23:38:54 INFO [UserService] User saved. (email: test1@gmail.com)
2022-09-26 23:38:54 INFO [RegistrationCommand] User saved : User{id=13, email='test1@gmail.com', firstName='???»?µ??', lastName='?????????°', phoneNumber='2131231321', roleId=1, creditCard=null, password=95106c0bb3a771afc1af94931e7c9d82105a781f96d52eadf882d089f73f64c3, receipts=null}
2022-09-26 23:38:54 INFO [AppController-doPost] URL processed [login.jsp]
2022-09-26 23:38:54 INFO [JspEncodingFilter] Filter started {},  org.apache.catalina.connector.ResponseFacade@51330e4f
2022-09-26 23:38:54 INFO [JspEncodingFilter] encoding: UTF-8
2022-09-26 23:38:54 INFO [JspEncodingFilter] Filter started {},  org.apache.catalina.connector.ResponseFacade@51330e4f
2022-09-26 23:39:53 INFO [JspEncodingFilter] Filter started {command?=[home]},  org.apache.catalina.connector.ResponseFacade@51330e4f
2022-09-26 23:39:53 INFO [JspEncodingFilter] encoding: UTF-8
2022-09-26 23:39:53 INFO [JspEncodingFilter] Filter started {command?=[home]},  org.apache.catalina.connector.ResponseFacade@51330e4f
2022-09-26 23:39:53 INFO [AppController-doGet] URL processed
2022-09-26 23:39:55 INFO [JspEncodingFilter] Filter started {command=[registrationForm]},  org.apache.catalina.connector.ResponseFacade@51330e4f
2022-09-26 23:39:55 INFO [JspEncodingFilter] encoding: UTF-8
2022-09-26 23:39:55 INFO [JspEncodingFilter] Filter started {command=[registrationForm]},  org.apache.catalina.connector.ResponseFacade@51330e4f
2022-09-26 23:39:55 INFO [AppController-doGet] URL processed
2022-09-26 23:40:18 INFO [JspEncodingFilter] Filter started {command=[registration], email=[test16@test.com], firstName=[???»?µ??], lastName=[?????????°], phoneNumber=[132133989], password=[Aa11111111]},  org.apache.catalina.connector.ResponseFacade@51330e4f
2022-09-26 23:40:18 INFO [JspEncodingFilter] encoding: UTF-8
2022-09-26 23:40:18 INFO [JspEncodingFilter] Filter started {command=[registration], email=[test16@test.com], firstName=[???»?µ??], lastName=[?????????°], phoneNumber=[132133989], password=[Aa11111111]},  org.apache.catalina.connector.ResponseFacade@51330e4f
2022-09-26 23:40:18 INFO [RegistrationCommand] User from view : User{id=0, email='test16@test.com', firstName='???»?µ??', lastName='?????????°', phoneNumber='132133989', roleId=1, creditCard=null, password=95106c0bb3a771afc1af94931e7c9d82105a781f96d52eadf882d089f73f64c3, receipts=null} + fN: ???»?µ??
2022-09-26 23:40:19 INFO User : User{id=0, email='test16@test.com', firstName='???»?µ??', lastName='?????????°', phoneNumber='132133989', roleId=1, creditCard=null, password=95106c0bb3a771afc1af94931e7c9d82105a781f96d52eadf882d089f73f64c3, receipts=null} was saved successfully
2022-09-26 23:40:19 INFO [UserService] User saved. (email: test16@test.com)
2022-09-26 23:40:19 INFO [RegistrationCommand] User saved : User{id=14, email='test16@test.com', firstName='???»?µ??', lastName='?????????°', phoneNumber='132133989', roleId=1, creditCard=null, password=95106c0bb3a771afc1af94931e7c9d82105a781f96d52eadf882d089f73f64c3, receipts=null}
2022-09-26 23:40:19 INFO [AppController-doPost] URL processed [login.jsp]
2022-09-26 23:40:19 INFO [JspEncodingFilter] Filter started {},  org.apache.catalina.connector.ResponseFacade@51330e4f
2022-09-26 23:40:19 INFO [JspEncodingFilter] encoding: UTF-8
2022-09-26 23:40:19 INFO [JspEncodingFilter] Filter started {},  org.apache.catalina.connector.ResponseFacade@51330e4f
