2022-09-23 14:58:43 INFO [ContextListener] Context initialization started...
2022-09-23 14:58:44 INFO [ContextListener] Connection created. org.apache.tomcat.dbcp.dbcp2.DelegatingDatabaseMetaData@2b7c6f9e
2022-09-23 14:58:44 INFO [ContextListener] UserDAO created.
2022-09-23 14:58:44 INFO [ContextListener] CreditCardDAO created.
2022-09-23 14:58:44 INFO [ContextListener] ReceiptDAO created.
2022-09-23 14:58:44 INFO [ContextListener] AddressDAO created.
2022-09-23 14:58:44 INFO [ContextListener] DishDAO created.
2022-09-23 14:58:44 INFO [ContextListener] UserService created.
2022-09-23 14:58:44 INFO [ContextListener] CreditCardService created.
2022-09-23 14:58:44 INFO [ContextListener] ReceiptService created.
2022-09-23 14:58:44 INFO [ContextListener] AddressService created.
2022-09-23 14:58:44 INFO [ContextListener] DishService created.
2022-09-23 14:58:44 INFO [ContextListener] CommandContainer created.
2022-09-23 14:58:44 INFO [ContextListener] Error command created.
2022-09-23 14:58:44 INFO [ContextListener] Language command created.
2022-09-23 14:58:44 INFO [ContextListener] RegistrationFormCommand created.
2022-09-23 14:58:44 INFO [ContextListener] Registration command created.
2022-09-23 14:58:44 INFO [ContextListener] LoginFormCommand created.
2022-09-23 14:58:44 INFO [ContextListener] LoginCommand created.
2022-09-23 14:58:44 INFO [ContextListener] Services initialized
2022-09-23 14:58:44 INFO [JspEncodingFilter] Filter started {},  org.apache.catalina.connector.ResponseFacade@1f86eac9
2022-09-23 14:58:44 INFO [JspEncodingFilter] request code : null
2022-09-23 14:58:46 INFO [JspEncodingFilter] Filter started {},  org.apache.catalina.connector.ResponseFacade@1f86eac9
2022-09-23 14:58:46 INFO [JspEncodingFilter] request code : null
2022-09-23 14:58:51 INFO [JspEncodingFilter] Filter started {},  org.apache.catalina.connector.ResponseFacade@1f86eac9
2022-09-23 14:58:51 INFO [JspEncodingFilter] request code : null
