2022-09-26 23:09:49 INFO [ContextListener] Context initialization started...
2022-09-26 23:09:49 INFO [ContextListener] Connection created. org.apache.tomcat.dbcp.dbcp2.DelegatingDatabaseMetaData@fdec13c
2022-09-26 23:09:49 INFO [ContextListener] UserDAO created.
2022-09-26 23:09:49 INFO [ContextListener] CreditCardDAO created.
2022-09-26 23:09:49 INFO [ContextListener] ReceiptDAO created.
2022-09-26 23:09:49 INFO [ContextListener] AddressDAO created.
2022-09-26 23:09:49 INFO [ContextListener] DishDAO created.
2022-09-26 23:09:49 INFO [ContextListener] UserService created.
2022-09-26 23:09:49 INFO [ContextListener] CreditCardService created.
2022-09-26 23:09:49 INFO [ContextListener] ReceiptService created.
2022-09-26 23:09:49 INFO [ContextListener] AddressService created.
2022-09-26 23:09:49 INFO [ContextListener] DishService created.
2022-09-26 23:09:49 INFO [ContextListener] CommandContainer created.
2022-09-26 23:09:49 INFO [ContextListener] Language command created.
2022-09-26 23:09:49 INFO [ContextListener] Error command created.
2022-09-26 23:09:49 INFO [ContextListener] RegistrationFormCommand created.
2022-09-26 23:09:49 INFO [ContextListener] Registration command created.
2022-09-26 23:09:49 INFO [ContextListener] LoginFormCommand created.
2022-09-26 23:09:49 INFO [ContextListener] LoginCommand created.
2022-09-26 23:09:49 INFO [ContextListener] MenuCommand created.
2022-09-26 23:09:49 INFO [ContextListener] LogoutCommand created.
2022-09-26 23:09:49 INFO [ContextListener] Services initialized
2022-09-26 23:09:50 INFO [JspEncodingFilter] Filter started {},  org.apache.catalina.connector.ResponseFacade@4845a33b
2022-09-26 23:09:50 INFO [JspEncodingFilter] encoding: UTF-8
2022-09-26 23:09:50 INFO [JspEncodingFilter] Filter started {},  org.apache.catalina.connector.ResponseFacade@4845a33b
2022-09-26 23:09:51 INFO [JspEncodingFilter] Filter started {},  org.apache.catalina.connector.ResponseFacade@4845a33b
2022-09-26 23:09:51 INFO [JspEncodingFilter] encoding: UTF-8
2022-09-26 23:09:51 INFO [JspEncodingFilter] Filter started {},  org.apache.catalina.connector.ResponseFacade@4845a33b
2022-09-26 23:10:08 INFO [JspEncodingFilter] Filter started {command=[setLang], locale=[ua], pageToProcess=[]},  org.apache.catalina.connector.ResponseFacade@4845a33b
2022-09-26 23:10:08 INFO [JspEncodingFilter] encoding: UTF-8
2022-09-26 23:10:08 INFO [JspEncodingFilter] Filter started {command=[setLang], locale=[ua], pageToProcess=[]},  org.apache.catalina.connector.ResponseFacade@4845a33b
2022-09-26 23:10:08 INFO [LanguageCommand] Page to process = 
2022-09-26 23:10:08 INFO [AppController-doGet] URL processed
2022-09-26 23:10:08 INFO [AppController-doGet] URL processed
2022-09-26 23:10:10 INFO [JspEncodingFilter] Filter started {command=[registrationForm]},  org.apache.catalina.connector.ResponseFacade@4845a33b
2022-09-26 23:10:10 INFO [JspEncodingFilter] encoding: UTF-8
2022-09-26 23:10:10 INFO [JspEncodingFilter] Filter started {command=[registrationForm]},  org.apache.catalina.connector.ResponseFacade@4845a33b
2022-09-26 23:10:10 INFO [AppController-doGet] URL processed
2022-09-26 23:10:34 INFO [JspEncodingFilter] Filter started {command=[registration], email=[test54@test.com], firstName=[?????????°], lastName=[?????????°], phoneNumber=[2312313], password=[Aa11111111]},  org.apache.catalina.connector.ResponseFacade@4845a33b
2022-09-26 23:10:34 INFO [JspEncodingFilter] encoding: UTF-8
2022-09-26 23:10:34 INFO [JspEncodingFilter] Filter started {command=[registration], email=[test54@test.com], firstName=[?????????°], lastName=[?????????°], phoneNumber=[2312313], password=[Aa11111111]},  org.apache.catalina.connector.ResponseFacade@4845a33b
2022-09-26 23:10:34 INFO [RegistrationCommand] User from view : User{id=0, email='test54@test.com', firstName='?????????°', lastName='?????????°', phoneNumber='2312313', roleId=1, creditCard=null, password=95106c0bb3a771afc1af94931e7c9d82105a781f96d52eadf882d089f73f64c3, receipts=null}
2022-09-26 23:10:49 INFO [JspEncodingFilter] Filter started {command?=[home]},  org.apache.catalina.connector.ResponseFacade@4845a33b
2022-09-26 23:10:49 INFO [JspEncodingFilter] encoding: UTF-8
2022-09-26 23:10:49 INFO [JspEncodingFilter] Filter started {command?=[home]},  org.apache.catalina.connector.ResponseFacade@4845a33b
2022-09-26 23:10:49 INFO [AppController-doGet] URL processed
2022-09-26 23:10:50 INFO [JspEncodingFilter] Filter started {command=[registrationForm]},  org.apache.catalina.connector.ResponseFacade@4845a33b
2022-09-26 23:10:50 INFO [JspEncodingFilter] encoding: UTF-8
2022-09-26 23:10:50 INFO [JspEncodingFilter] Filter started {command=[registrationForm]},  org.apache.catalina.connector.ResponseFacade@4845a33b
2022-09-26 23:10:50 INFO [AppController-doGet] URL processed
2022-09-26 23:11:12 INFO [JspEncodingFilter] Filter started {command=[registration], email=[test54@test.com], firstName=[?????????°], lastName=[?????????°], phoneNumber=[112314453], password=[Aa11111111]},  org.apache.catalina.connector.ResponseFacade@4845a33b
2022-09-26 23:11:12 INFO [JspEncodingFilter] encoding: UTF-8
2022-09-26 23:11:12 INFO [JspEncodingFilter] Filter started {command=[registration], email=[test54@test.com], firstName=[?????????°], lastName=[?????????°], phoneNumber=[112314453], password=[Aa11111111]},  org.apache.catalina.connector.ResponseFacade@4845a33b
2022-09-26 23:11:12 INFO [RegistrationCommand] User from view : User{id=0, email='test54@test.com', firstName='?????????°', lastName='?????????°', phoneNumber='112314453', roleId=1, creditCard=null, password=95106c0bb3a771afc1af94931e7c9d82105a781f96d52eadf882d089f73f64c3, receipts=null}
2022-09-26 23:11:12 INFO User : User{id=0, email='test54@test.com', firstName='?????????°', lastName='?????????°', phoneNumber='112314453', roleId=1, creditCard=null, password=95106c0bb3a771afc1af94931e7c9d82105a781f96d52eadf882d089f73f64c3, receipts=null} was saved successfully
2022-09-26 23:11:12 INFO [UserService] User saved. (email: test54@test.com)
2022-09-26 23:11:12 INFO [RegistrationCommand] User saved : User{id=12, email='test54@test.com', firstName='?????????°', lastName='?????????°', phoneNumber='112314453', roleId=1, creditCard=null, password=95106c0bb3a771afc1af94931e7c9d82105a781f96d52eadf882d089f73f64c3, receipts=null}
2022-09-26 23:11:12 INFO [AppController-doPost] URL processed [login.jsp]
2022-09-26 23:11:12 INFO [JspEncodingFilter] Filter started {},  org.apache.catalina.connector.ResponseFacade@4845a33b
2022-09-26 23:11:12 INFO [JspEncodingFilter] encoding: UTF-8
2022-09-26 23:11:12 INFO [JspEncodingFilter] Filter started {},  org.apache.catalina.connector.ResponseFacade@4845a33b
2022-09-26 23:36:19 INFO [JspEncodingFilter] Filter started {command=[login], email=[test1@test.com], password=[Aa11111111]},  org.apache.catalina.connector.ResponseFacade@4845a33b
2022-09-26 23:36:19 INFO [JspEncodingFilter] encoding: UTF-8
2022-09-26 23:36:19 INFO [JspEncodingFilter] Filter started {command=[login], email=[test1@test.com], password=[Aa11111111]},  org.apache.catalina.connector.ResponseFacade@4845a33b
2022-09-26 23:36:19 INFO User received : [7], [test1@test.com]
2022-09-26 23:36:19 INFO [LoginCommand] User received from db: User{id=7, email='test1@test.com', firstName='Îëåã', lastName='Äóðêà', phoneNumber='2133123123', roleId=1, creditCard=null, password=95106c0bb3a771afc1af94931e7c9d82105a781f96d52eadf882d089f73f64c3, receipts=[]}
2022-09-26 23:36:19 INFO [PasswordEncrypt] password: [95106c0bb3a771afc1af94931e7c9d82105a781f96d52eadf882d089f73f64c3], user.password: [95106c0bb3a771afc1af94931e7c9d82105a781f96d52eadf882d089f73f64c3]
2022-09-26 23:36:19 INFO [AppController-doPost] URL processed [home.jsp]
2022-09-26 23:36:19 INFO [JspEncodingFilter] Filter started {},  org.apache.catalina.connector.ResponseFacade@4845a33b
2022-09-26 23:36:19 INFO [JspEncodingFilter] encoding: UTF-8
2022-09-26 23:36:19 INFO [JspEncodingFilter] Filter started {},  org.apache.catalina.connector.ResponseFacade@4845a33b
