2022-09-24 16:14:11 INFO [ContextListener] Context initialization started...
2022-09-24 16:14:12 INFO [ContextListener] Connection created. org.apache.tomcat.dbcp.dbcp2.DelegatingDatabaseMetaData@5d9b73ef
2022-09-24 16:14:12 INFO [ContextListener] UserDAO created.
2022-09-24 16:14:12 INFO [ContextListener] CreditCardDAO created.
2022-09-24 16:14:12 INFO [ContextListener] ReceiptDAO created.
2022-09-24 16:14:12 INFO [ContextListener] AddressDAO created.
2022-09-24 16:14:12 INFO [ContextListener] DishDAO created.
2022-09-24 16:14:12 INFO [ContextListener] UserService created.
2022-09-24 16:14:12 INFO [ContextListener] CreditCardService created.
2022-09-24 16:14:12 INFO [ContextListener] ReceiptService created.
2022-09-24 16:14:12 INFO [ContextListener] AddressService created.
2022-09-24 16:14:12 INFO [ContextListener] DishService created.
2022-09-24 16:14:12 INFO [ContextListener] CommandContainer created.
2022-09-24 16:14:12 INFO [ContextListener] Language command created.
2022-09-24 16:14:12 INFO [ContextListener] Error command created.
2022-09-24 16:14:12 INFO [ContextListener] RegistrationFormCommand created.
2022-09-24 16:14:12 INFO [ContextListener] Registration command created.
2022-09-24 16:14:12 INFO [ContextListener] LoginFormCommand created.
2022-09-24 16:14:12 INFO [ContextListener] LoginCommand created.
2022-09-24 16:14:12 INFO [ContextListener] MenuCommand created.
2022-09-24 16:14:12 INFO [ContextListener] LogoutCommand created.
2022-09-24 16:14:12 INFO [ContextListener] Services initialized
2022-09-24 16:14:12 INFO [JspEncodingFilter] Filter started {},  org.apache.catalina.connector.ResponseFacade@14bc1770
2022-09-24 16:14:14 INFO [JspEncodingFilter] Filter started {},  org.apache.catalina.connector.ResponseFacade@14bc1770
