2022-09-27 21:05:35 INFO [ContextListener] Context initialization started...
2022-09-27 21:05:36 INFO [ContextListener] Connection created. org.apache.tomcat.dbcp.dbcp2.DelegatingDatabaseMetaData@291f9f49
2022-09-27 21:05:36 INFO [ContextListener] UserDAO created.
2022-09-27 21:05:36 INFO [ContextListener] CreditCardDAO created.
2022-09-27 21:05:36 INFO [ContextListener] ReceiptDAO created.
2022-09-27 21:05:36 INFO [ContextListener] AddressDAO created.
2022-09-27 21:05:36 INFO [ContextListener] DishDAO created.
2022-09-27 21:05:36 INFO [ContextListener] UserService created.
2022-09-27 21:05:36 INFO [ContextListener] CreditCardService created.
2022-09-27 21:05:36 INFO [ContextListener] ReceiptService created.
2022-09-27 21:05:36 INFO [ContextListener] AddressService created.
2022-09-27 21:05:36 INFO [ContextListener] DishService created.
2022-09-27 21:05:36 INFO [ContextListener] CommandContainer created.
2022-09-27 21:05:36 INFO [ContextListener] Language command created.
2022-09-27 21:05:36 INFO [ContextListener] Error command created.
2022-09-27 21:05:36 INFO [ContextListener] RegistrationFormCommand created.
2022-09-27 21:05:36 INFO [ContextListener] Registration command created.
2022-09-27 21:05:36 INFO [ContextListener] LoginFormCommand created.
2022-09-27 21:05:36 INFO [ContextListener] LoginCommand created.
2022-09-27 21:05:36 INFO [ContextListener] MenuCommand created.
2022-09-27 21:05:36 INFO [ContextListener] LogoutCommand created.
2022-09-27 21:05:36 INFO [ContextListener] Services initialized
2022-09-27 21:05:37 INFO [JspEncodingFilter] Filter started {},  org.apache.catalina.connector.ResponseFacade@3081de56
2022-09-27 21:05:37 INFO [JspEncodingFilter] Filter started {},  org.apache.catalina.connector.ResponseFacade@3081de56
2022-09-27 21:05:40 INFO [JspEncodingFilter] Filter started {},  org.apache.catalina.connector.ResponseFacade@3081de56
2022-09-27 21:05:40 INFO [JspEncodingFilter] Filter started {},  org.apache.catalina.connector.ResponseFacade@3081de56
2022-09-27 21:05:44 INFO [JspEncodingFilter] Filter started {command=[registrationForm]},  org.apache.catalina.connector.ResponseFacade@3081de56
2022-09-27 21:05:44 INFO [JspEncodingFilter] Filter started {command=[registrationForm]},  org.apache.catalina.connector.ResponseFacade@3081de56
2022-09-27 21:05:44 INFO [AppController-doGet] URL processed
2022-09-27 21:06:09 INFO [JspEncodingFilter] Filter started {command=[registration], email=[test321@test.com], firstName=[“ÂÒÚ], lastName=[“ÂÒÚ], phoneNumber=[231312222], password=[Aa11111111]},  org.apache.catalina.connector.ResponseFacade@3081de56
2022-09-27 21:06:09 INFO [JspEncodingFilter] Filter started {command=[registration], email=[test321@test.com], firstName=[“ÂÒÚ], lastName=[“ÂÒÚ], phoneNumber=[231312222], password=[Aa11111111]},  org.apache.catalina.connector.ResponseFacade@3081de56
2022-09-27 21:06:09 INFO [RegistrationCommand] User from view : User{id=0, email='test321@test.com', firstName='–¢–µ—Å—Ç', lastName='–¢–µ—Å—Ç', phoneNumber='231312222', roleId=1, creditCard=null, password=95106c0bb3a771afc1af94931e7c9d82105a781f96d52eadf882d089f73f64c3, receipts=null} + fN: “ÂÒÚ
2022-09-27 21:06:09 INFO User : User{id=0, email='test321@test.com', firstName='–¢–µ—Å—Ç', lastName='–¢–µ—Å—Ç', phoneNumber='231312222', roleId=1, creditCard=null, password=95106c0bb3a771afc1af94931e7c9d82105a781f96d52eadf882d089f73f64c3, receipts=null} was saved successfully
2022-09-27 21:06:09 INFO [UserService] User saved. (email: test321@test.com)
2022-09-27 21:06:09 INFO [RegistrationCommand] User saved : User{id=26, email='test321@test.com', firstName='–¢–µ—Å—Ç', lastName='–¢–µ—Å—Ç', phoneNumber='231312222', roleId=1, creditCard=null, password=95106c0bb3a771afc1af94931e7c9d82105a781f96d52eadf882d089f73f64c3, receipts=null}
2022-09-27 21:06:09 INFO [AppController-doPost] URL processed [login.jsp], resp encoding: ISO-8859-1
2022-09-27 21:06:09 INFO [JspEncodingFilter] Filter started {},  org.apache.catalina.connector.ResponseFacade@3081de56
2022-09-27 21:06:09 INFO [JspEncodingFilter] Filter started {},  org.apache.catalina.connector.ResponseFacade@3081de56
