2022-10-08 19:57:07 INFO [ContextListener] Context initialization started...
2022-10-08 19:57:08 INFO [ContextListener] Connection created. org.apache.tomcat.dbcp.dbcp2.DelegatingDatabaseMetaData@4f5a36ea
2022-10-08 19:57:08 INFO [ContextListener] UserDAO created.
2022-10-08 19:57:08 INFO [ContextListener] ReceiptDAO created.
2022-10-08 19:57:08 INFO [ContextListener] AddressDAO created.
2022-10-08 19:57:08 INFO [ContextListener] DishDAO created.
2022-10-08 19:57:08 INFO [ContextListener] UserService created.
2022-10-08 19:57:08 INFO [ContextListener] ReceiptService created.
2022-10-08 19:57:08 INFO [ContextListener] AddressService created.
2022-10-08 19:57:08 INFO [ContextListener] DishService created.
2022-10-08 19:57:08 INFO [ContextListener] CommandContainer created.
2022-10-08 19:57:08 INFO [ContextListener] Language command created.
2022-10-08 19:57:08 INFO [ContextListener] Error command created.
2022-10-08 19:57:08 INFO [ContextListener] RegistrationFormCommand created.
2022-10-08 19:57:08 INFO [ContextListener] Registration command created.
2022-10-08 19:57:08 INFO [ContextListener] LoginFormCommand created.
2022-10-08 19:57:08 INFO [ContextListener] LoginCommand created.
2022-10-08 19:57:08 INFO [ContextListener] AdminCommand created.
2022-10-08 19:57:08 INFO [ContextListener] DishFormCommand created.
2022-10-08 19:57:08 INFO [ContextListener] AllDishesCommand created.
2022-10-08 19:57:08 INFO [ContextListener] CreateDishCommand created.
2022-10-08 19:57:08 INFO [ContextListener] RemoveDishCommand created.
2022-10-08 19:57:08 INFO [ContextListener] MenuCommand created.
2022-10-08 19:57:08 INFO [ContextListener] UserReceiptsCommand created.
2022-10-08 19:57:08 INFO [ContextListener] AllUsersCommand created.
2022-10-08 19:57:08 INFO [ContextListener] LogoutCommand created.
2022-10-08 19:57:08 INFO [ContextListener] EditDishFormCommand created.
2022-10-08 19:57:08 INFO [ContextListener] EditDishCommand created.
2022-10-08 19:57:08 INFO [ContextListener] Services initialized
2022-10-08 19:57:09 INFO [JspEncodingFilter] Filter started {},  org.apache.catalina.connector.ResponseFacade@43c12f60
2022-10-08 19:57:09 INFO [JspEncodingFilter] Filter started {},  org.apache.catalina.connector.ResponseFacade@43c12f60
2022-10-08 19:57:12 INFO [JspEncodingFilter] Filter started {},  org.apache.catalina.connector.ResponseFacade@43c12f60
2022-10-08 19:57:12 INFO [JspEncodingFilter] Filter started {},  org.apache.catalina.connector.ResponseFacade@43c12f60
2022-10-08 19:57:14 INFO [JspEncodingFilter] Filter started {command=[login_form]},  org.apache.catalina.connector.ResponseFacade@43c12f60
2022-10-08 19:57:14 INFO [JspEncodingFilter] Filter started {command=[login_form]},  org.apache.catalina.connector.ResponseFacade@43c12f60
2022-10-08 19:57:14 INFO [AppController-doGet] URL processed
2022-10-08 19:57:14 INFO [JspEncodingFilter] Filter started {},  org.apache.catalina.connector.ResponseFacade@43c12f60
2022-10-08 19:57:14 INFO [JspEncodingFilter] Filter started {},  org.apache.catalina.connector.ResponseFacade@43c12f60
2022-10-08 19:57:31 INFO [JspEncodingFilter] Filter started {command=[login], email=[admin@admin.app], password=[sBBuE%0&V9h6]},  org.apache.catalina.connector.ResponseFacade@43c12f60
2022-10-08 19:57:31 INFO [JspEncodingFilter] Filter started {command=[login], email=[admin@admin.app], password=[sBBuE%0&V9h6]},  org.apache.catalina.connector.ResponseFacade@43c12f60
2022-10-08 19:57:31 INFO User received : [1], [admin@admin.app]
2022-10-08 19:57:31 INFO [PasswordEncrypt] password: [d9bbfb3d7aa0fcbd61cb0cfe606f80e444a36a0c0e62a54265255f54145545fb], user.password: [d9bbfb3d7aa0fcbd61cb0cfe606f80e444a36a0c0e62a54265255f54145545fb]
2022-10-08 19:57:31 INFO [LoginCommand] User received from db: admin@admin.app
2022-10-08 19:57:31 INFO [AppController-doPost] URL processed [controller?command=admin], resp encoding: ISO-8859-1
2022-10-08 19:57:31 INFO [JspEncodingFilter] Filter started {command=[admin]},  org.apache.catalina.connector.ResponseFacade@43c12f60
2022-10-08 19:57:31 INFO [JspEncodingFilter] Filter started {command=[admin]},  org.apache.catalina.connector.ResponseFacade@43c12f60
2022-10-08 19:57:31 INFO Receipts was found successfully.
2022-10-08 19:57:31 INFO [AppController-doGet] URL processed
2022-10-08 19:57:37 INFO [JspEncodingFilter] Filter started {command=[dishes]},  org.apache.catalina.connector.ResponseFacade@43c12f60
2022-10-08 19:57:37 INFO [JspEncodingFilter] Filter started {command=[dishes]},  org.apache.catalina.connector.ResponseFacade@43c12f60
2022-10-08 19:57:37 INFO [DishDAO] Dishes was found successfully. [[Dish{id=1, title='Diabola', description='Hot', category=APPETIZER, price=25.0, weight=450, cooking=40, dateCreated=2022-10-07 15:43:28}, Dish{id=2, title='Pizza2', description='Mmmmmm very nice', category=PIZZA, price=30.0, weight=1000, cooking=40, dateCreated=2012-06-18 10:34:09}, Dish{id=3, title='Pizza3', description='Mmmmmm very nice', category=PIZZA, price=25.0, weight=400, cooking=40, dateCreated=2012-06-18 10:34:09}, Dish{id=4, title='Pizza4', description='Mmmmmm very nice', category=PIZZA, price=22.0, weight=900, cooking=40, dateCreated=2012-06-18 10:34:09}, Dish{id=6, title='Salad1', description='Nice salad', category=SALAD, price=10.0, weight=200, cooking=50, dateCreated=2012-06-18 10:34:09}, Dish{id=7, title='Caesar', description='Nice salad', category=SALAD, price=15.0, weight=225, cooking=50, dateCreated=2022-10-07 15:39:54}, Dish{id=8, title='Salad3', description='Nice salad', category=SALAD, price=10.0, weight=200, cooking=50, dateCreated=2012-06-18 10:34:09}, Dish{id=11, title='Appetizer1', description='Delicious', category=APPETIZER, price=15.0, weight=300, cooking=10, dateCreated=2012-06-18 10:34:09}, Dish{id=13, title='Appetizer3', description='Delicious', category=APPETIZER, price=25.0, weight=300, cooking=10, dateCreated=2012-06-18 10:34:09}, Dish{id=14, title='Appetizer4', description='Delicious', category=APPETIZER, price=19.0, weight=300, cooking=10, dateCreated=2012-06-18 10:34:09}]]
2022-10-08 19:57:37 INFO [AllDishesCommand] Dishes found.
2022-10-08 19:57:37 INFO [AppController-doGet] URL processed
2022-10-08 19:57:39 INFO [JspEncodingFilter] Filter started {command=[admin]},  org.apache.catalina.connector.ResponseFacade@43c12f60
2022-10-08 19:57:39 INFO [JspEncodingFilter] Filter started {command=[admin]},  org.apache.catalina.connector.ResponseFacade@43c12f60
2022-10-08 19:57:39 INFO Receipts was found successfully.
2022-10-08 19:57:39 INFO [AppController-doGet] URL processed
2022-10-08 19:57:41 INFO [JspEncodingFilter] Filter started {command=[dishes]},  org.apache.catalina.connector.ResponseFacade@43c12f60
2022-10-08 19:57:41 INFO [JspEncodingFilter] Filter started {command=[dishes]},  org.apache.catalina.connector.ResponseFacade@43c12f60
2022-10-08 19:57:41 INFO [DishDAO] Dishes was found successfully. [[Dish{id=1, title='Diabola', description='Hot', category=APPETIZER, price=25.0, weight=450, cooking=40, dateCreated=2022-10-07 15:43:28}, Dish{id=2, title='Pizza2', description='Mmmmmm very nice', category=PIZZA, price=30.0, weight=1000, cooking=40, dateCreated=2012-06-18 10:34:09}, Dish{id=3, title='Pizza3', description='Mmmmmm very nice', category=PIZZA, price=25.0, weight=400, cooking=40, dateCreated=2012-06-18 10:34:09}, Dish{id=4, title='Pizza4', description='Mmmmmm very nice', category=PIZZA, price=22.0, weight=900, cooking=40, dateCreated=2012-06-18 10:34:09}, Dish{id=6, title='Salad1', description='Nice salad', category=SALAD, price=10.0, weight=200, cooking=50, dateCreated=2012-06-18 10:34:09}, Dish{id=7, title='Caesar', description='Nice salad', category=SALAD, price=15.0, weight=225, cooking=50, dateCreated=2022-10-07 15:39:54}, Dish{id=8, title='Salad3', description='Nice salad', category=SALAD, price=10.0, weight=200, cooking=50, dateCreated=2012-06-18 10:34:09}, Dish{id=11, title='Appetizer1', description='Delicious', category=APPETIZER, price=15.0, weight=300, cooking=10, dateCreated=2012-06-18 10:34:09}, Dish{id=13, title='Appetizer3', description='Delicious', category=APPETIZER, price=25.0, weight=300, cooking=10, dateCreated=2012-06-18 10:34:09}, Dish{id=14, title='Appetizer4', description='Delicious', category=APPETIZER, price=19.0, weight=300, cooking=10, dateCreated=2012-06-18 10:34:09}]]
2022-10-08 19:57:41 INFO [AllDishesCommand] Dishes found.
2022-10-08 19:57:41 INFO [AppController-doGet] URL processed
2022-10-08 19:57:42 INFO [JspEncodingFilter] Filter started {command=[admin]},  org.apache.catalina.connector.ResponseFacade@43c12f60
2022-10-08 19:57:42 INFO [JspEncodingFilter] Filter started {command=[admin]},  org.apache.catalina.connector.ResponseFacade@43c12f60
2022-10-08 19:57:42 INFO Receipts was found successfully.
2022-10-08 19:57:42 INFO [AppController-doGet] URL processed
2022-10-08 19:57:43 INFO [JspEncodingFilter] Filter started {command=[dishes]},  org.apache.catalina.connector.ResponseFacade@43c12f60
2022-10-08 19:57:43 INFO [JspEncodingFilter] Filter started {command=[dishes]},  org.apache.catalina.connector.ResponseFacade@43c12f60
2022-10-08 19:57:43 INFO [DishDAO] Dishes was found successfully. [[Dish{id=1, title='Diabola', description='Hot', category=APPETIZER, price=25.0, weight=450, cooking=40, dateCreated=2022-10-07 15:43:28}, Dish{id=2, title='Pizza2', description='Mmmmmm very nice', category=PIZZA, price=30.0, weight=1000, cooking=40, dateCreated=2012-06-18 10:34:09}, Dish{id=3, title='Pizza3', description='Mmmmmm very nice', category=PIZZA, price=25.0, weight=400, cooking=40, dateCreated=2012-06-18 10:34:09}, Dish{id=4, title='Pizza4', description='Mmmmmm very nice', category=PIZZA, price=22.0, weight=900, cooking=40, dateCreated=2012-06-18 10:34:09}, Dish{id=6, title='Salad1', description='Nice salad', category=SALAD, price=10.0, weight=200, cooking=50, dateCreated=2012-06-18 10:34:09}, Dish{id=7, title='Caesar', description='Nice salad', category=SALAD, price=15.0, weight=225, cooking=50, dateCreated=2022-10-07 15:39:54}, Dish{id=8, title='Salad3', description='Nice salad', category=SALAD, price=10.0, weight=200, cooking=50, dateCreated=2012-06-18 10:34:09}, Dish{id=11, title='Appetizer1', description='Delicious', category=APPETIZER, price=15.0, weight=300, cooking=10, dateCreated=2012-06-18 10:34:09}, Dish{id=13, title='Appetizer3', description='Delicious', category=APPETIZER, price=25.0, weight=300, cooking=10, dateCreated=2012-06-18 10:34:09}, Dish{id=14, title='Appetizer4', description='Delicious', category=APPETIZER, price=19.0, weight=300, cooking=10, dateCreated=2012-06-18 10:34:09}]]
2022-10-08 19:57:43 INFO [AllDishesCommand] Dishes found.
2022-10-08 19:57:43 INFO [AppController-doGet] URL processed
2022-10-08 19:57:44 INFO [JspEncodingFilter] Filter started {command=[admin]},  org.apache.catalina.connector.ResponseFacade@43c12f60
2022-10-08 19:57:44 INFO [JspEncodingFilter] Filter started {command=[admin]},  org.apache.catalina.connector.ResponseFacade@43c12f60
2022-10-08 19:57:44 INFO Receipts was found successfully.
2022-10-08 19:57:44 INFO [AppController-doGet] URL processed
