2022-09-23 14:17:20 INFO [ContextListener] Context initialization started...
2022-09-23 14:17:21 INFO [ContextListener] Connection created. org.apache.tomcat.dbcp.dbcp2.DelegatingDatabaseMetaData@7df1de3c
2022-09-23 14:17:21 INFO [ContextListener] UserDAO created.
2022-09-23 14:17:21 INFO [ContextListener] CreditCardDAO created.
2022-09-23 14:17:21 INFO [ContextListener] ReceiptDAO created.
2022-09-23 14:17:21 INFO [ContextListener] AddressDAO created.
2022-09-23 14:17:21 INFO [ContextListener] DishDAO created.
2022-09-23 14:17:21 INFO [ContextListener] UserService created.
2022-09-23 14:17:21 INFO [ContextListener] CreditCardService created.
2022-09-23 14:17:21 INFO [ContextListener] ReceiptService created.
2022-09-23 14:17:21 INFO [ContextListener] AddressService created.
2022-09-23 14:17:21 INFO [ContextListener] DishService created.
2022-09-23 14:17:21 INFO [ContextListener] CommandContainer created.
2022-09-23 14:17:21 INFO [ContextListener] Language command created.
2022-09-23 14:17:21 INFO [ContextListener] RegistrationFormCommand created.
2022-09-23 14:17:21 INFO [ContextListener] Registration command created.
2022-09-23 14:17:21 INFO [ContextListener] LoginFormCommand created.
2022-09-23 14:17:21 INFO [ContextListener] LoginCommand created.
2022-09-23 14:17:21 INFO [ContextListener] Services initialized
2022-09-23 14:17:22 INFO [JspEncodingFilter] Filter started {},  org.apache.catalina.connector.ResponseFacade@f0e03cf
2022-09-23 14:17:22 INFO [JspEncodingFilter] request code : null
2022-09-23 14:17:24 INFO [JspEncodingFilter] Filter started {},  org.apache.catalina.connector.ResponseFacade@f0e03cf
2022-09-23 14:17:24 INFO [JspEncodingFilter] request code : null
2022-09-23 14:17:30 INFO [JspEncodingFilter] Filter started {},  org.apache.catalina.connector.ResponseFacade@f0e03cf
2022-09-23 14:17:30 INFO [JspEncodingFilter] request code : null
2022-09-23 14:22:01 INFO [JspEncodingFilter] Filter started {},  org.apache.catalina.connector.ResponseFacade@f0e03cf
2022-09-23 14:22:01 INFO [JspEncodingFilter] request code : null
