2022-09-23 20:10:17 INFO [ContextListener] Context initialization started...
2022-09-23 20:10:18 INFO [ContextListener] Connection created. org.apache.tomcat.dbcp.dbcp2.DelegatingDatabaseMetaData@1d71294
2022-09-23 20:10:18 INFO [ContextListener] UserDAO created.
2022-09-23 20:10:18 INFO [ContextListener] CreditCardDAO created.
2022-09-23 20:10:18 INFO [ContextListener] ReceiptDAO created.
2022-09-23 20:10:18 INFO [ContextListener] AddressDAO created.
2022-09-23 20:10:18 INFO [ContextListener] DishDAO created.
2022-09-23 20:10:18 INFO [ContextListener] UserService created.
2022-09-23 20:10:18 INFO [ContextListener] CreditCardService created.
2022-09-23 20:10:18 INFO [ContextListener] ReceiptService created.
2022-09-23 20:10:18 INFO [ContextListener] AddressService created.
2022-09-23 20:10:18 INFO [ContextListener] DishService created.
2022-09-23 20:10:18 INFO [ContextListener] CommandContainer created.
2022-09-23 20:10:18 INFO [ContextListener] Language command created.
2022-09-23 20:10:18 INFO [ContextListener] Error command created.
2022-09-23 20:10:18 INFO [ContextListener] RegistrationFormCommand created.
2022-09-23 20:10:18 INFO [ContextListener] Registration command created.
2022-09-23 20:10:18 INFO [ContextListener] LoginFormCommand created.
2022-09-23 20:10:18 INFO [ContextListener] LoginCommand created.
2022-09-23 20:10:18 INFO [ContextListener] Services initialized
2022-09-23 20:10:19 INFO [JspEncodingFilter] Filter started {},  org.apache.catalina.connector.ResponseFacade@7cb2a5bf
2022-09-23 20:10:19 INFO [JspEncodingFilter] Filter started {},  org.apache.catalina.connector.ResponseFacade@7cb2a5bf
2022-09-23 20:10:20 INFO [JspEncodingFilter] Filter started {command=[home]},  org.apache.catalina.connector.ResponseFacade@5e99c654
2022-09-23 20:10:20 INFO [JspEncodingFilter] Filter started {command=[home]},  org.apache.catalina.connector.ResponseFacade@5e99c654
2022-09-23 20:10:20 INFO [AppController-doGet] URL processed
2022-09-23 20:10:21 INFO [JspEncodingFilter] Filter started {},  org.apache.catalina.connector.ResponseFacade@5e99c654
2022-09-23 20:10:21 INFO [JspEncodingFilter] Filter started {},  org.apache.catalina.connector.ResponseFacade@5e99c654
2022-09-23 20:10:21 INFO [JspEncodingFilter] Filter started {command=[home]},  org.apache.catalina.connector.ResponseFacade@5e99c654
2022-09-23 20:10:21 INFO [JspEncodingFilter] Filter started {command=[home]},  org.apache.catalina.connector.ResponseFacade@5e99c654
2022-09-23 20:10:21 INFO [AppController-doGet] URL processed
